#
# There is insufficient memory for the Java Runtime Environment to continue.
# Native memory allocation (mmap) failed to map 584056832 bytes for G1 virtual space
# Possible reasons:
#   The system is out of physical RAM or swap space
#   The process is running with CompressedOops enabled, and the Java Heap may be blocking the growth of the native heap
# Possible solutions:
#   Reduce memory load on the system
#   Increase physical memory or swap space
#   Check if swap backing store is full
#   Decrease Java heap size (-Xmx/-Xms)
#   Decrease number of Java threads
#   Decrease Java thread stack sizes (-Xss)
#   Set larger code cache with -XX:ReservedCodeCacheSize=
#   JVM is running with Unscaled Compressed Oops mode in which the Java heap is
#     placed in the first 4GB address space. The Java Heap base address is the
#     maximum limit for the native heap growth. Please use -XX:HeapBaseMinAddress
#     to set the Java Heap base and to place the Java Heap above 4GB virtual address.
# This output file may be truncated or incomplete.
#
#  Out of Memory Error (os_windows.cpp:3548), pid=12152, tid=5168
#
# JRE version: Java(TM) SE Runtime Environment (17.0.10+11) (build 17.0.10+11-LTS-240)
# Java VM: Java HotSpot(TM) 64-Bit Server VM (17.0.10+11-LTS-240, mixed mode, emulated-client, sharing, tiered, compressed oops, compressed class ptrs, g1 gc, windows-amd64)
# No core dump will be written. Minidumps are not enabled by default on client versions of Windows
#

---------------  S U M M A R Y ------------

Command Line: -XX:TieredStopAtLevel=1 -Dspring.output.ansi.enabled=always -Dcom.sun.management.jmxremote -Dspring.jmx.enabled=true -Dspring.liveBeansView.mbeanDomain -Dspring.application.admin.enabled=true -Dmanagement.endpoints.jmx.exposure.include=* -javaagent:C:\Program Files\JetBrains\IntelliJ IDEA 2024.3.1.1\lib\idea_rt.jar=57473:C:\Program Files\JetBrains\IntelliJ IDEA 2024.3.1.1\bin -Dfile.encoding=UTF-8 com.example.datn_be.DatnBeApplication

Host: Intel(R) Core(TM) i5-6200U CPU @ 2.30GHz, 4 cores, 7G,  Windows 10 , 64 bit Build 19041 (10.0.19041.5438)
Time: Sun Feb 23 12:39:25 2025 SE Asia Standard Time elapsed time: 18.552295 seconds (0d 0h 0m 18s)

---------------  T H R E A D  ---------------

Current thread (0x0000027a72f01960):  VMThread "VM Thread" [stack: 0x0000009b7f500000,0x0000009b7f600000] [id=5168]

Stack: [0x0000009b7f500000,0x0000009b7f600000]
Native frames: (J=compiled Java code, j=interpreted, Vv=VM code, C=native code)
V  [jvm.dll+0x677a5a]
V  [jvm.dll+0x7d8b2d]
V  [jvm.dll+0x7da48e]
V  [jvm.dll+0x7daaf3]
V  [jvm.dll+0x2455ff]
V  [jvm.dll+0x6749b9]
V  [jvm.dll+0x669382]
V  [jvm.dll+0x302e96]
V  [jvm.dll+0x30a416]
V  [jvm.dll+0x359cbe]
V  [jvm.dll+0x359eef]
V  [jvm.dll+0x2d9e88]
V  [jvm.dll+0x2d8295]
V  [jvm.dll+0x2d789c]
V  [jvm.dll+0x31b4b1]
V  [jvm.dll+0x7df30b]
V  [jvm.dll+0x7e0044]
V  [jvm.dll+0x7e055d]
V  [jvm.dll+0x7e0934]
V  [jvm.dll+0x7e0a00]
V  [jvm.dll+0x78888a]
V  [jvm.dll+0x676935]
C  [ucrtbase.dll+0x21bb2]
C  [KERNEL32.DLL+0x17374]
C  [ntdll.dll+0x4cc91]

VM_Operation (0x0000009b7eef6798): G1TryInitiateConcMark, mode: safepoint, requested by thread 0x0000027a5f8a8c70


---------------  P R O C E S S  ---------------

Threads class SMR info:
_java_thread_list=0x0000027a7a4ed8b0, length=22, elements={
0x0000027a5f8a8c70, 0x0000027a72f09240, 0x0000027a72f0a0c0, 0x0000027a72f1bd60,
0x0000027a72f1c720, 0x0000027a72f1d0e0, 0x0000027a72f1daa0, 0x0000027a72f1e460,
0x0000027a72f1ee60, 0x0000027a72f9eab0, 0x0000027a7767cd70, 0x0000027a77675970,
0x0000027a7774e860, 0x0000027a77327ed0, 0x0000027a77809d00, 0x0000027a7775b7c0,
0x0000027a778d5e90, 0x0000027a778d3b20, 0x0000027a778d4540, 0x0000027a778d72d0,
0x0000027a778d4030, 0x0000027a778d4a50
}

Java Threads: ( => current thread )
  0x0000027a5f8a8c70 JavaThread "main" [_thread_blocked, id=13040, stack(0x0000009b7ee00000,0x0000009b7ef00000)]
  0x0000027a72f09240 JavaThread "Reference Handler" daemon [_thread_blocked, id=15136, stack(0x0000009b7f600000,0x0000009b7f700000)]
  0x0000027a72f0a0c0 JavaThread "Finalizer" daemon [_thread_blocked, id=12524, stack(0x0000009b7f700000,0x0000009b7f800000)]
  0x0000027a72f1bd60 JavaThread "Signal Dispatcher" daemon [_thread_blocked, id=15340, stack(0x0000009b7f800000,0x0000009b7f900000)]
  0x0000027a72f1c720 JavaThread "Attach Listener" daemon [_thread_blocked, id=10532, stack(0x0000009b7f900000,0x0000009b7fa00000)]
  0x0000027a72f1d0e0 JavaThread "Service Thread" daemon [_thread_blocked, id=9580, stack(0x0000009b7fa00000,0x0000009b7fb00000)]
  0x0000027a72f1daa0 JavaThread "Monitor Deflation Thread" daemon [_thread_blocked, id=6724, stack(0x0000009b7fb00000,0x0000009b7fc00000)]
  0x0000027a72f1e460 JavaThread "C1 CompilerThread0" daemon [_thread_blocked, id=120, stack(0x0000009b7fc00000,0x0000009b7fd00000)]
  0x0000027a72f1ee60 JavaThread "Sweeper thread" daemon [_thread_blocked, id=11248, stack(0x0000009b7fd00000,0x0000009b7fe00000)]
  0x0000027a72f9eab0 JavaThread "Common-Cleaner" daemon [_thread_blocked, id=10352, stack(0x0000009b7fe00000,0x0000009b7ff00000)]
  0x0000027a7767cd70 JavaThread "Monitor Ctrl-Break" daemon [_thread_in_native, id=13084, stack(0x0000009b00100000,0x0000009b00200000)]
  0x0000027a77675970 JavaThread "Notification Thread" daemon [_thread_blocked, id=13460, stack(0x0000009b00200000,0x0000009b00300000)]
  0x0000027a7774e860 JavaThread "RMI TCP Accept-0" daemon [_thread_in_native, id=3328, stack(0x0000009b00300000,0x0000009b00400000)]
  0x0000027a77327ed0 JavaThread "RMI TCP Connection(1)-192.168.1.103" daemon [_thread_in_native, id=7272, stack(0x0000009b00900000,0x0000009b00a00000)]
  0x0000027a77809d00 JavaThread "RMI Scheduler(0)" daemon [_thread_blocked, id=8076, stack(0x0000009b00b00000,0x0000009b00c00000)]
  0x0000027a7775b7c0 JavaThread "JMX server connection timeout 19" daemon [_thread_blocked, id=5668, stack(0x0000009b00c00000,0x0000009b00d00000)]
  0x0000027a778d5e90 JavaThread "RMI TCP Connection(2)-192.168.1.103" daemon [_thread_in_native, id=4416, stack(0x0000009b00d00000,0x0000009b00e00000)]
  0x0000027a778d3b20 JavaThread "mssql-jdbc-shared-timer-core-0" daemon [_thread_blocked, id=12892, stack(0x0000009b00f00000,0x0000009b01000000)]
  0x0000027a778d4540 JavaThread "HikariPool-1 housekeeper" daemon [_thread_blocked, id=11356, stack(0x0000009b01000000,0x0000009b01100000)]
  0x0000027a778d72d0 JavaThread "Catalina-utility-1" [_thread_blocked, id=10484, stack(0x0000009b01200000,0x0000009b01300000)]
  0x0000027a778d4030 JavaThread "Catalina-utility-2" [_thread_blocked, id=8352, stack(0x0000009b01300000,0x0000009b01400000)]
  0x0000027a778d4a50 JavaThread "container-0" [_thread_blocked, id=924, stack(0x0000009b01400000,0x0000009b01500000)]

Other Threads:
=>0x0000027a72f01960 VMThread "VM Thread" [stack: 0x0000009b7f500000,0x0000009b7f600000] [id=5168]
  0x0000027a777ea550 WatcherThread [stack: 0x0000009b00a00000,0x0000009b00b00000] [id=14000]
  0x0000027a5f904840 GCTaskThread "GC Thread#0" [stack: 0x0000009b7f000000,0x0000009b7f100000] [id=2624]
  0x0000027a777e9310 GCTaskThread "GC Thread#1" [stack: 0x0000009b00400000,0x0000009b00500000] [id=6084]
  0x0000027a777e95d0 GCTaskThread "GC Thread#2" [stack: 0x0000009b00500000,0x0000009b00600000] [id=6268]
  0x0000027a7775e8c0 GCTaskThread "GC Thread#3" [stack: 0x0000009b00600000,0x0000009b00700000] [id=10500]
  0x0000027a5f83df20 ConcurrentGCThread "G1 Main Marker" [stack: 0x0000009b7f100000,0x0000009b7f200000] [id=10768]
  0x0000027a5f83e930 ConcurrentGCThread "G1 Conc#0" [stack: 0x0000009b7f200000,0x0000009b7f300000] [id=9668]
  0x0000027a5f9652c0 ConcurrentGCThread "G1 Refine#0" [stack: 0x0000009b7f300000,0x0000009b7f400000] [id=124]
  0x0000027a7775d710 ConcurrentGCThread "G1 Refine#1" [stack: 0x0000009b00700000,0x0000009b00800000] [id=10348]
  0x0000027a777f8120 ConcurrentGCThread "G1 Refine#2" [stack: 0x0000009b00800000,0x0000009b00900000] [id=11580]
  0x0000027a78c7dcd0 ConcurrentGCThread "G1 Refine#3" [stack: 0x0000009b01100000,0x0000009b01200000] [id=1116]
  0x0000027a72dc04a0 ConcurrentGCThread "G1 Service" [stack: 0x0000009b7f400000,0x0000009b7f500000] [id=13316]

Threads with active compile tasks:

VM state: at safepoint (normal execution)

VM Mutex/Monitor currently owned by a thread:  ([mutex/lock_event])
[0x0000027a5f8a6350] Threads_lock - owner thread: 0x0000027a72f01960
[0x0000027a5f8a6590] Heap_lock - owner thread: 0x0000027a5f8a8c70

Heap address: 0x0000000081800000, size: 2024 MB, Compressed Oops mode: 32-bit

CDS archive(s) mapped at: [0x0000027a00000000-0x0000027a00bd0000-0x0000027a00bd0000), size 12386304, SharedBaseAddress: 0x0000027a00000000, ArchiveRelocationMode: 1.
Compressed class space mapped at: 0x0000027a01000000-0x0000027a41000000, reserved size: 1073741824
Narrow klass base: 0x0000027a00000000, Narrow klass shift: 0, Narrow klass range: 0x100000000

GC Precious Log:
 CPUs: 4 total, 4 available
 Memory: 8089M
 Large Page Support: Disabled
 NUMA Support: Disabled
 Compressed Oops: Enabled (32-bit)
 Heap Region Size: 1M
 Heap Min Capacity: 8M
 Heap Initial Capacity: 128M
 Heap Max Capacity: 2024M
 Pre-touch: Disabled
 Parallel Workers: 4
 Concurrent Workers: 1
 Concurrent Refinement Workers: 4
 Periodic GC: Disabled

Heap:
 garbage-first heap   total 360448K, used 215840K [0x0000000081800000, 0x0000000100000000)
  region size 1024K, 4 young (4096K), 4 survivors (4096K)
 Metaspace       used 72140K, committed 72896K, reserved 1114112K
  class space    used 10510K, committed 10880K, reserved 1048576K

Heap Regions: E=young(eden), S=young(survivor), O=old, HS=humongous(starts), HC=humongous(continues), CS=collection set, F=free, OA=open archive, CA=closed archive, TAMS=top-at-mark-start (previous, next)
|   0|0x0000000081800000, 0x0000000081900000, 0x0000000081900000|100%|HS|  |TAMS 0x0000000081900000, 0x0000000081900000| Complete 
|   1|0x0000000081900000, 0x0000000081a00000, 0x0000000081a00000|100%|HS|  |TAMS 0x0000000081a00000, 0x0000000081a00000| Complete 
|   2|0x0000000081a00000, 0x0000000081b00000, 0x0000000081b00000|100%| O|  |TAMS 0x0000000081b00000, 0x0000000081b00000| Untracked 
|   3|0x0000000081b00000, 0x0000000081c00000, 0x0000000081c00000|100%| O|  |TAMS 0x0000000081c00000, 0x0000000081c00000| Untracked 
|   4|0x0000000081c00000, 0x0000000081d00000, 0x0000000081d00000|100%| O|  |TAMS 0x0000000081d00000, 0x0000000081d00000| Untracked 
|   5|0x0000000081d00000, 0x0000000081e00000, 0x0000000081e00000|100%| O|  |TAMS 0x0000000081e00000, 0x0000000081e00000| Untracked 
|   6|0x0000000081e00000, 0x0000000081f00000, 0x0000000081f00000|100%| O|  |TAMS 0x0000000081f00000, 0x0000000081f00000| Untracked 
|   7|0x0000000081f00000, 0x0000000082000000, 0x0000000082000000|100%| O|  |TAMS 0x0000000082000000, 0x0000000082000000| Untracked 
|   8|0x0000000082000000, 0x0000000082100000, 0x0000000082100000|100%| O|  |TAMS 0x0000000082100000, 0x0000000082100000| Untracked 
|   9|0x0000000082100000, 0x00000000821c8000, 0x0000000082200000| 78%| O|  |TAMS 0x00000000821c8000, 0x00000000821c8000| Untracked 
|  10|0x0000000082200000, 0x0000000082300000, 0x0000000082300000|100%| O|  |TAMS 0x0000000082300000, 0x0000000082300000| Untracked 
|  11|0x0000000082300000, 0x0000000082400000, 0x0000000082400000|100%| O|  |TAMS 0x0000000082400000, 0x0000000082400000| Untracked 
|  12|0x0000000082400000, 0x0000000082500000, 0x0000000082500000|100%| O|  |TAMS 0x0000000082500000, 0x0000000082500000| Untracked 
|  13|0x0000000082500000, 0x0000000082600000, 0x0000000082600000|100%| O|  |TAMS 0x0000000082600000, 0x0000000082600000| Untracked 
|  14|0x0000000082600000, 0x0000000082700000, 0x0000000082700000|100%| O|  |TAMS 0x0000000082700000, 0x0000000082700000| Untracked 
|  15|0x0000000082700000, 0x0000000082800000, 0x0000000082800000|100%| O|  |TAMS 0x0000000082800000, 0x0000000082800000| Untracked 
|  16|0x0000000082800000, 0x0000000082900000, 0x0000000082900000|100%| O|  |TAMS 0x0000000082900000, 0x0000000082900000| Untracked 
|  17|0x0000000082900000, 0x0000000082a00000, 0x0000000082a00000|100%| O|  |TAMS 0x0000000082a00000, 0x0000000082a00000| Untracked 
|  18|0x0000000082a00000, 0x0000000082b00000, 0x0000000082b00000|100%| O|  |TAMS 0x0000000082b00000, 0x0000000082b00000| Untracked 
|  19|0x0000000082b00000, 0x0000000082c00000, 0x0000000082c00000|100%| O|  |TAMS 0x0000000082c00000, 0x0000000082c00000| Untracked 
|  20|0x0000000082c00000, 0x0000000082d00000, 0x0000000082d00000|100%| O|  |TAMS 0x0000000082d00000, 0x0000000082d00000| Untracked 
|  21|0x0000000082d00000, 0x0000000082e00000, 0x0000000082e00000|100%| O|  |TAMS 0x0000000082e00000, 0x0000000082e00000| Untracked 
|  22|0x0000000082e00000, 0x0000000082f00000, 0x0000000082f00000|100%| O|  |TAMS 0x0000000082f00000, 0x0000000082f00000| Untracked 
|  23|0x0000000082f00000, 0x0000000083000000, 0x0000000083000000|100%| O|  |TAMS 0x0000000083000000, 0x0000000083000000| Untracked 
|  24|0x0000000083000000, 0x0000000083100000, 0x0000000083100000|100%| O|  |TAMS 0x0000000083100000, 0x0000000083100000| Untracked 
|  25|0x0000000083100000, 0x0000000083200000, 0x0000000083200000|100%| O|  |TAMS 0x0000000083200000, 0x0000000083200000| Untracked 
|  26|0x0000000083200000, 0x0000000083300000, 0x0000000083300000|100%| O|  |TAMS 0x0000000083300000, 0x0000000083300000| Untracked 
|  27|0x0000000083300000, 0x0000000083400000, 0x0000000083400000|100%| O|  |TAMS 0x0000000083400000, 0x0000000083400000| Untracked 
|  28|0x0000000083400000, 0x0000000083500000, 0x0000000083500000|100%| O|  |TAMS 0x0000000083500000, 0x0000000083500000| Untracked 
|  29|0x0000000083500000, 0x0000000083600000, 0x0000000083600000|100%| O|  |TAMS 0x0000000083600000, 0x0000000083600000| Untracked 
|  30|0x0000000083600000, 0x0000000083700000, 0x0000000083700000|100%| O|  |TAMS 0x0000000083700000, 0x0000000083700000| Untracked 
|  31|0x0000000083700000, 0x0000000083800000, 0x0000000083800000|100%| O|  |TAMS 0x0000000083800000, 0x0000000083800000| Untracked 
|  32|0x0000000083800000, 0x0000000083900000, 0x0000000083900000|100%| O|  |TAMS 0x0000000083900000, 0x0000000083900000| Untracked 
|  33|0x0000000083900000, 0x0000000083a00000, 0x0000000083a00000|100%| O|  |TAMS 0x0000000083a00000, 0x0000000083a00000| Untracked 
|  34|0x0000000083a00000, 0x0000000083b00000, 0x0000000083b00000|100%| O|  |TAMS 0x0000000083b00000, 0x0000000083b00000| Untracked 
|  35|0x0000000083b00000, 0x0000000083c00000, 0x0000000083c00000|100%| O|  |TAMS 0x0000000083c00000, 0x0000000083c00000| Untracked 
|  36|0x0000000083c00000, 0x0000000083d00000, 0x0000000083d00000|100%| O|  |TAMS 0x0000000083d00000, 0x0000000083d00000| Untracked 
|  37|0x0000000083d00000, 0x0000000083e00000, 0x0000000083e00000|100%| O|  |TAMS 0x0000000083e00000, 0x0000000083e00000| Untracked 
|  38|0x0000000083e00000, 0x0000000083f00000, 0x0000000083f00000|100%| O|  |TAMS 0x0000000083f00000, 0x0000000083f00000| Untracked 
|  39|0x0000000083f00000, 0x0000000084000000, 0x0000000084000000|100%| O|  |TAMS 0x0000000084000000, 0x0000000084000000| Untracked 
|  40|0x0000000084000000, 0x0000000084100000, 0x0000000084100000|100%|HS|  |TAMS 0x0000000084000000, 0x0000000084100000| Complete 
|  41|0x0000000084100000, 0x0000000084200000, 0x0000000084200000|100%| O|  |TAMS 0x0000000084200000, 0x0000000084200000| Untracked 
|  42|0x0000000084200000, 0x0000000084300000, 0x0000000084300000|100%| O|  |TAMS 0x0000000084300000, 0x0000000084300000| Untracked 
|  43|0x0000000084300000, 0x0000000084400000, 0x0000000084400000|100%|HS|  |TAMS 0x0000000084300000, 0x0000000084400000| Complete 
|  44|0x0000000084400000, 0x0000000084500000, 0x0000000084500000|100%| O|  |TAMS 0x0000000084500000, 0x0000000084500000| Untracked 
|  45|0x0000000084500000, 0x0000000084600000, 0x0000000084600000|100%| O|  |TAMS 0x0000000084600000, 0x0000000084600000| Untracked 
|  46|0x0000000084600000, 0x0000000084700000, 0x0000000084700000|100%| O|  |TAMS 0x0000000084700000, 0x0000000084700000| Untracked 
|  47|0x0000000084700000, 0x0000000084800000, 0x0000000084800000|100%| O|  |TAMS 0x0000000084800000, 0x0000000084800000| Untracked 
|  48|0x0000000084800000, 0x0000000084900000, 0x0000000084900000|100%| O|  |TAMS 0x0000000084900000, 0x0000000084900000| Untracked 
|  49|0x0000000084900000, 0x0000000084a00000, 0x0000000084a00000|100%| O|  |TAMS 0x0000000084a00000, 0x0000000084a00000| Untracked 
|  50|0x0000000084a00000, 0x0000000084b00000, 0x0000000084b00000|100%| O|  |TAMS 0x0000000084a00000, 0x0000000084b00000| Untracked 
|  51|0x0000000084b00000, 0x0000000084c00000, 0x0000000084c00000|100%| O|  |TAMS 0x0000000084b00000, 0x0000000084c00000| Untracked 
|  52|0x0000000084c00000, 0x0000000084d00000, 0x0000000084d00000|100%| O|  |TAMS 0x0000000084c00000, 0x0000000084d00000| Untracked 
|  53|0x0000000084d00000, 0x0000000084e00000, 0x0000000084e00000|100%| O|  |TAMS 0x0000000084d00000, 0x0000000084e00000| Untracked 
|  54|0x0000000084e00000, 0x0000000084f00000, 0x0000000084f00000|100%| O|  |TAMS 0x0000000084e00000, 0x0000000084f00000| Untracked 
|  55|0x0000000084f00000, 0x0000000085000000, 0x0000000085000000|100%| O|  |TAMS 0x0000000084f00000, 0x0000000085000000| Untracked 
|  56|0x0000000085000000, 0x0000000085100000, 0x0000000085100000|100%| O|  |TAMS 0x0000000085000000, 0x0000000085100000| Untracked 
|  57|0x0000000085100000, 0x0000000085200000, 0x0000000085200000|100%| O|  |TAMS 0x0000000085100000, 0x0000000085200000| Untracked 
|  58|0x0000000085200000, 0x0000000085300000, 0x0000000085300000|100%| O|  |TAMS 0x0000000085200000, 0x0000000085300000| Untracked 
|  59|0x0000000085300000, 0x0000000085400000, 0x0000000085400000|100%| O|  |TAMS 0x0000000085300000, 0x0000000085400000| Untracked 
|  60|0x0000000085400000, 0x0000000085500000, 0x0000000085500000|100%| O|  |TAMS 0x0000000085400000, 0x0000000085500000| Untracked 
|  61|0x0000000085500000, 0x0000000085600000, 0x0000000085600000|100%| O|  |TAMS 0x0000000085500000, 0x0000000085600000| Untracked 
|  62|0x0000000085600000, 0x0000000085700000, 0x0000000085700000|100%| O|  |TAMS 0x0000000085600000, 0x0000000085700000| Untracked 
|  63|0x0000000085700000, 0x0000000085800000, 0x0000000085800000|100%| O|  |TAMS 0x0000000085700000, 0x0000000085800000| Untracked 
|  64|0x0000000085800000, 0x0000000085900000, 0x0000000085900000|100%| O|  |TAMS 0x0000000085800000, 0x0000000085900000| Untracked 
|  65|0x0000000085900000, 0x0000000085a00000, 0x0000000085a00000|100%| O|  |TAMS 0x0000000085900000, 0x0000000085a00000| Untracked 
|  66|0x0000000085a00000, 0x0000000085b00000, 0x0000000085b00000|100%| O|  |TAMS 0x0000000085a00000, 0x0000000085b00000| Untracked 
|  67|0x0000000085b00000, 0x0000000085c00000, 0x0000000085c00000|100%| O|  |TAMS 0x0000000085b00000, 0x0000000085c00000| Untracked 
|  68|0x0000000085c00000, 0x0000000085d00000, 0x0000000085d00000|100%| O|  |TAMS 0x0000000085c00000, 0x0000000085d00000| Untracked 
|  69|0x0000000085d00000, 0x0000000085e00000, 0x0000000085e00000|100%| O|  |TAMS 0x0000000085d00000, 0x0000000085e00000| Untracked 
|  70|0x0000000085e00000, 0x0000000085f00000, 0x0000000085f00000|100%| O|  |TAMS 0x0000000085f00000, 0x0000000085f00000| Untracked 
|  71|0x0000000085f00000, 0x0000000086000000, 0x0000000086000000|100%| O|  |TAMS 0x0000000085f00000, 0x0000000086000000| Untracked 
|  72|0x0000000086000000, 0x0000000086100000, 0x0000000086100000|100%| O|  |TAMS 0x0000000086000000, 0x0000000086100000| Untracked 
|  73|0x0000000086100000, 0x0000000086200000, 0x0000000086200000|100%| O|  |TAMS 0x0000000086100000, 0x0000000086200000| Untracked 
|  74|0x0000000086200000, 0x0000000086300000, 0x0000000086300000|100%| O|  |TAMS 0x0000000086300000, 0x0000000086300000| Untracked 
|  75|0x0000000086300000, 0x0000000086400000, 0x0000000086400000|100%| O|  |TAMS 0x0000000086400000, 0x0000000086400000| Untracked 
|  76|0x0000000086400000, 0x0000000086500000, 0x0000000086500000|100%| O|  |TAMS 0x0000000086500000, 0x0000000086500000| Untracked 
|  77|0x0000000086500000, 0x0000000086600000, 0x0000000086600000|100%| O|  |TAMS 0x0000000086600000, 0x0000000086600000| Untracked 
|  78|0x0000000086600000, 0x0000000086700000, 0x0000000086700000|100%| O|  |TAMS 0x0000000086700000, 0x0000000086700000| Untracked 
|  79|0x0000000086700000, 0x0000000086800000, 0x0000000086800000|100%| O|  |TAMS 0x0000000086800000, 0x0000000086800000| Untracked 
|  80|0x0000000086800000, 0x0000000086900000, 0x0000000086900000|100%| O|  |TAMS 0x0000000086900000, 0x0000000086900000| Untracked 
|  81|0x0000000086900000, 0x0000000086a00000, 0x0000000086a00000|100%| O|  |TAMS 0x0000000086a00000, 0x0000000086a00000| Untracked 
|  82|0x0000000086a00000, 0x0000000086b00000, 0x0000000086b00000|100%| O|  |TAMS 0x0000000086b00000, 0x0000000086b00000| Untracked 
|  83|0x0000000086b00000, 0x0000000086c00000, 0x0000000086c00000|100%| O|  |TAMS 0x0000000086c00000, 0x0000000086c00000| Untracked 
|  84|0x0000000086c00000, 0x0000000086d00000, 0x0000000086d00000|100%| O|  |TAMS 0x0000000086d00000, 0x0000000086d00000| Untracked 
|  85|0x0000000086d00000, 0x0000000086e00000, 0x0000000086e00000|100%| O|  |TAMS 0x0000000086e00000, 0x0000000086e00000| Untracked 
|  86|0x0000000086e00000, 0x0000000086f00000, 0x0000000086f00000|100%| O|  |TAMS 0x0000000086f00000, 0x0000000086f00000| Untracked 
|  87|0x0000000086f00000, 0x0000000087000000, 0x0000000087000000|100%| O|  |TAMS 0x0000000086f00000, 0x0000000087000000| Untracked 
|  88|0x0000000087000000, 0x0000000087100000, 0x0000000087100000|100%| O|  |TAMS 0x0000000087000000, 0x0000000087100000| Untracked 
|  89|0x0000000087100000, 0x0000000087200000, 0x0000000087200000|100%| O|  |TAMS 0x0000000087100000, 0x0000000087200000| Untracked 
|  90|0x0000000087200000, 0x0000000087300000, 0x0000000087300000|100%| O|  |TAMS 0x0000000087200000, 0x0000000087300000| Untracked 
|  91|0x0000000087300000, 0x0000000087400000, 0x0000000087400000|100%| O|  |TAMS 0x0000000087300000, 0x0000000087400000| Untracked 
|  92|0x0000000087400000, 0x0000000087500000, 0x0000000087500000|100%| O|  |TAMS 0x0000000087500000, 0x0000000087500000| Untracked 
|  93|0x0000000087500000, 0x0000000087600000, 0x0000000087600000|100%| O|  |TAMS 0x0000000087500000, 0x0000000087600000| Untracked 
|  94|0x0000000087600000, 0x0000000087700000, 0x0000000087700000|100%| O|  |TAMS 0x0000000087600000, 0x0000000087700000| Untracked 
|  95|0x0000000087700000, 0x0000000087800000, 0x0000000087800000|100%| O|  |TAMS 0x0000000087700000, 0x0000000087800000| Untracked 
|  96|0x0000000087800000, 0x0000000087900000, 0x0000000087900000|100%| O|  |TAMS 0x0000000087800000, 0x0000000087900000| Untracked 
|  97|0x0000000087900000, 0x0000000087a00000, 0x0000000087a00000|100%|HS|  |TAMS 0x0000000087900000, 0x0000000087a00000| Complete 
|  98|0x0000000087a00000, 0x0000000087b00000, 0x0000000087b00000|100%|HC|  |TAMS 0x0000000087a00000, 0x0000000087b00000| Complete 
|  99|0x0000000087b00000, 0x0000000087c00000, 0x0000000087c00000|100%| O|  |TAMS 0x0000000087b00000, 0x0000000087c00000| Untracked 
| 100|0x0000000087c00000, 0x0000000087d00000, 0x0000000087d00000|100%| O|  |TAMS 0x0000000087c00000, 0x0000000087d00000| Untracked 
| 101|0x0000000087d00000, 0x0000000087e00000, 0x0000000087e00000|100%| O|  |TAMS 0x0000000087d00000, 0x0000000087e00000| Untracked 
| 102|0x0000000087e00000, 0x0000000087f00000, 0x0000000087f00000|100%| O|  |TAMS 0x0000000087f00000, 0x0000000087f00000| Untracked 
| 103|0x0000000087f00000, 0x0000000088000000, 0x0000000088000000|100%| O|  |TAMS 0x0000000087f00000, 0x0000000088000000| Untracked 
| 104|0x0000000088000000, 0x0000000088100000, 0x0000000088100000|100%| O|  |TAMS 0x0000000088000000, 0x0000000088100000| Untracked 
| 105|0x0000000088100000, 0x0000000088200000, 0x0000000088200000|100%| O|  |TAMS 0x0000000088200000, 0x0000000088200000| Untracked 
| 106|0x0000000088200000, 0x0000000088300000, 0x0000000088300000|100%| O|  |TAMS 0x0000000088200000, 0x0000000088300000| Untracked 
| 107|0x0000000088300000, 0x0000000088400000, 0x0000000088400000|100%| O|  |TAMS 0x0000000088400000, 0x0000000088400000| Untracked 
| 108|0x0000000088400000, 0x0000000088500000, 0x0000000088500000|100%| O|  |TAMS 0x0000000088500000, 0x0000000088500000| Untracked 
| 109|0x0000000088500000, 0x0000000088600000, 0x0000000088600000|100%| O|  |TAMS 0x0000000088600000, 0x0000000088600000| Untracked 
| 110|0x0000000088600000, 0x0000000088700000, 0x0000000088700000|100%| O|  |TAMS 0x0000000088700000, 0x0000000088700000| Untracked 
| 111|0x0000000088700000, 0x0000000088800000, 0x0000000088800000|100%| O|  |TAMS 0x0000000088700000, 0x0000000088800000| Untracked 
| 112|0x0000000088800000, 0x0000000088900000, 0x0000000088900000|100%| O|  |TAMS 0x0000000088800000, 0x0000000088900000| Untracked 
| 113|0x0000000088900000, 0x0000000088a00000, 0x0000000088a00000|100%| O|  |TAMS 0x0000000088900000, 0x0000000088a00000| Untracked 
| 114|0x0000000088a00000, 0x0000000088b00000, 0x0000000088b00000|100%| O|  |TAMS 0x0000000088a00000, 0x0000000088b00000| Untracked 
| 115|0x0000000088b00000, 0x0000000088c00000, 0x0000000088c00000|100%| O|  |TAMS 0x0000000088b00000, 0x0000000088c00000| Untracked 
| 116|0x0000000088c00000, 0x0000000088d00000, 0x0000000088d00000|100%| O|  |TAMS 0x0000000088c00000, 0x0000000088d00000| Untracked 
| 117|0x0000000088d00000, 0x0000000088e00000, 0x0000000088e00000|100%|HS|  |TAMS 0x0000000088d00000, 0x0000000088e00000| Complete 
| 118|0x0000000088e00000, 0x0000000088f00000, 0x0000000088f00000|100%| O|  |TAMS 0x0000000088e00000, 0x0000000088f00000| Untracked 
| 119|0x0000000088f00000, 0x0000000089000000, 0x0000000089000000|100%| O|  |TAMS 0x0000000088f00000, 0x0000000089000000| Untracked 
| 120|0x0000000089000000, 0x0000000089100000, 0x0000000089100000|100%| O|  |TAMS 0x0000000089000000, 0x0000000089100000| Untracked 
| 121|0x0000000089100000, 0x0000000089200000, 0x0000000089200000|100%| O|  |TAMS 0x0000000089100000, 0x0000000089200000| Untracked 
| 122|0x0000000089200000, 0x0000000089300000, 0x0000000089300000|100%| O|  |TAMS 0x0000000089200000, 0x0000000089300000| Untracked 
| 123|0x0000000089300000, 0x0000000089400000, 0x0000000089400000|100%| O|  |TAMS 0x0000000089300000, 0x0000000089400000| Untracked 
| 124|0x0000000089400000, 0x0000000089500000, 0x0000000089500000|100%| O|  |TAMS 0x0000000089400000, 0x0000000089500000| Untracked 
| 125|0x0000000089500000, 0x0000000089600000, 0x0000000089600000|100%| O|  |TAMS 0x0000000089500000, 0x0000000089600000| Untracked 
| 126|0x0000000089600000, 0x0000000089700000, 0x0000000089700000|100%| O|  |TAMS 0x0000000089600000, 0x0000000089700000| Untracked 
| 127|0x0000000089700000, 0x0000000089800000, 0x0000000089800000|100%| O|  |TAMS 0x0000000089700000, 0x0000000089800000| Untracked 
| 128|0x0000000089800000, 0x0000000089900000, 0x0000000089900000|100%| O|  |TAMS 0x0000000089800000, 0x0000000089900000| Untracked 
| 129|0x0000000089900000, 0x0000000089a00000, 0x0000000089a00000|100%| O|  |TAMS 0x0000000089900000, 0x0000000089a00000| Untracked 
| 130|0x0000000089a00000, 0x0000000089b00000, 0x0000000089b00000|100%| O|  |TAMS 0x0000000089a00000, 0x0000000089b00000| Untracked 
| 131|0x0000000089b00000, 0x0000000089c00000, 0x0000000089c00000|100%| O|  |TAMS 0x0000000089b00000, 0x0000000089c00000| Untracked 
| 132|0x0000000089c00000, 0x0000000089d00000, 0x0000000089d00000|100%| O|  |TAMS 0x0000000089c00000, 0x0000000089d00000| Untracked 
| 133|0x0000000089d00000, 0x0000000089e00000, 0x0000000089e00000|100%| O|  |TAMS 0x0000000089d00000, 0x0000000089e00000| Untracked 
| 134|0x0000000089e00000, 0x0000000089f00000, 0x0000000089f00000|100%| O|  |TAMS 0x0000000089e00000, 0x0000000089f00000| Untracked 
| 135|0x0000000089f00000, 0x000000008a000000, 0x000000008a000000|100%| O|  |TAMS 0x0000000089f00000, 0x000000008a000000| Untracked 
| 136|0x000000008a000000, 0x000000008a100000, 0x000000008a100000|100%| O|  |TAMS 0x000000008a000000, 0x000000008a100000| Untracked 
| 137|0x000000008a100000, 0x000000008a200000, 0x000000008a200000|100%| O|  |TAMS 0x000000008a100000, 0x000000008a200000| Untracked 
| 138|0x000000008a200000, 0x000000008a300000, 0x000000008a300000|100%| O|  |TAMS 0x000000008a200000, 0x000000008a300000| Untracked 
| 139|0x000000008a300000, 0x000000008a400000, 0x000000008a400000|100%| O|  |TAMS 0x000000008a300000, 0x000000008a400000| Untracked 
| 140|0x000000008a400000, 0x000000008a500000, 0x000000008a500000|100%| O|  |TAMS 0x000000008a400000, 0x000000008a500000| Untracked 
| 141|0x000000008a500000, 0x000000008a600000, 0x000000008a600000|100%| O|  |TAMS 0x000000008a500000, 0x000000008a600000| Untracked 
| 142|0x000000008a600000, 0x000000008a700000, 0x000000008a700000|100%| O|  |TAMS 0x000000008a600000, 0x000000008a700000| Untracked 
| 143|0x000000008a700000, 0x000000008a800000, 0x000000008a800000|100%| O|  |TAMS 0x000000008a700000, 0x000000008a800000| Untracked 
| 144|0x000000008a800000, 0x000000008a900000, 0x000000008a900000|100%| O|  |TAMS 0x000000008a800000, 0x000000008a900000| Untracked 
| 145|0x000000008a900000, 0x000000008aa00000, 0x000000008aa00000|100%| O|  |TAMS 0x000000008a900000, 0x000000008aa00000| Untracked 
| 146|0x000000008aa00000, 0x000000008ab00000, 0x000000008ab00000|100%| O|  |TAMS 0x000000008aa00000, 0x000000008ab00000| Untracked 
| 147|0x000000008ab00000, 0x000000008ac00000, 0x000000008ac00000|100%| O|  |TAMS 0x000000008ab00000, 0x000000008ac00000| Untracked 
| 148|0x000000008ac00000, 0x000000008ad00000, 0x000000008ad00000|100%| O|  |TAMS 0x000000008ac00000, 0x000000008ad00000| Untracked 
| 149|0x000000008ad00000, 0x000000008ae00000, 0x000000008ae00000|100%| O|  |TAMS 0x000000008ad00000, 0x000000008ae00000| Untracked 
| 150|0x000000008ae00000, 0x000000008af00000, 0x000000008af00000|100%| O|  |TAMS 0x000000008ae00000, 0x000000008af00000| Untracked 
| 151|0x000000008af00000, 0x000000008b000000, 0x000000008b000000|100%| O|  |TAMS 0x000000008af00000, 0x000000008b000000| Untracked 
| 152|0x000000008b000000, 0x000000008b100000, 0x000000008b100000|100%| O|  |TAMS 0x000000008b000000, 0x000000008b100000| Untracked 
| 153|0x000000008b100000, 0x000000008b200000, 0x000000008b200000|100%| O|  |TAMS 0x000000008b100000, 0x000000008b200000| Untracked 
| 154|0x000000008b200000, 0x000000008b300000, 0x000000008b300000|100%| O|  |TAMS 0x000000008b200000, 0x000000008b300000| Untracked 
| 155|0x000000008b300000, 0x000000008b400000, 0x000000008b400000|100%| O|  |TAMS 0x000000008b300000, 0x000000008b400000| Untracked 
| 156|0x000000008b400000, 0x000000008b500000, 0x000000008b500000|100%| O|  |TAMS 0x000000008b400000, 0x000000008b500000| Untracked 
| 157|0x000000008b500000, 0x000000008b600000, 0x000000008b600000|100%| O|  |TAMS 0x000000008b500000, 0x000000008b600000| Untracked 
| 158|0x000000008b600000, 0x000000008b700000, 0x000000008b700000|100%| O|  |TAMS 0x000000008b600000, 0x000000008b700000| Untracked 
| 159|0x000000008b700000, 0x000000008b800000, 0x000000008b800000|100%| O|  |TAMS 0x000000008b700000, 0x000000008b800000| Untracked 
| 160|0x000000008b800000, 0x000000008b900000, 0x000000008b900000|100%| O|  |TAMS 0x000000008b800000, 0x000000008b900000| Untracked 
| 161|0x000000008b900000, 0x000000008ba00000, 0x000000008ba00000|100%| O|  |TAMS 0x000000008b900000, 0x000000008ba00000| Untracked 
| 162|0x000000008ba00000, 0x000000008bb00000, 0x000000008bb00000|100%| O|  |TAMS 0x000000008ba00000, 0x000000008bb00000| Untracked 
| 163|0x000000008bb00000, 0x000000008bc00000, 0x000000008bc00000|100%| O|  |TAMS 0x000000008bb00000, 0x000000008bc00000| Untracked 
| 164|0x000000008bc00000, 0x000000008bd00000, 0x000000008bd00000|100%| O|  |TAMS 0x000000008bc00000, 0x000000008bd00000| Untracked 
| 165|0x000000008bd00000, 0x000000008be00000, 0x000000008be00000|100%| O|  |TAMS 0x000000008bd00000, 0x000000008be00000| Untracked 
| 166|0x000000008be00000, 0x000000008bf00000, 0x000000008bf00000|100%| O|  |TAMS 0x000000008be00000, 0x000000008bf00000| Untracked 
| 167|0x000000008bf00000, 0x000000008c000000, 0x000000008c000000|100%| O|  |TAMS 0x000000008bf00000, 0x000000008c000000| Untracked 
| 168|0x000000008c000000, 0x000000008c100000, 0x000000008c100000|100%| O|  |TAMS 0x000000008c000000, 0x000000008c100000| Untracked 
| 169|0x000000008c100000, 0x000000008c200000, 0x000000008c200000|100%| O|  |TAMS 0x000000008c100000, 0x000000008c200000| Untracked 
| 170|0x000000008c200000, 0x000000008c300000, 0x000000008c300000|100%| O|  |TAMS 0x000000008c200000, 0x000000008c300000| Untracked 
| 171|0x000000008c300000, 0x000000008c400000, 0x000000008c400000|100%| O|  |TAMS 0x000000008c300000, 0x000000008c400000| Untracked 
| 172|0x000000008c400000, 0x000000008c500000, 0x000000008c500000|100%| O|  |TAMS 0x000000008c400000, 0x000000008c500000| Untracked 
| 173|0x000000008c500000, 0x000000008c600000, 0x000000008c600000|100%| O|  |TAMS 0x000000008c500000, 0x000000008c600000| Untracked 
| 174|0x000000008c600000, 0x000000008c700000, 0x000000008c700000|100%| O|  |TAMS 0x000000008c600000, 0x000000008c700000| Untracked 
| 175|0x000000008c700000, 0x000000008c800000, 0x000000008c800000|100%| O|  |TAMS 0x000000008c700000, 0x000000008c800000| Untracked 
| 176|0x000000008c800000, 0x000000008c900000, 0x000000008c900000|100%| O|  |TAMS 0x000000008c800000, 0x000000008c900000| Untracked 
| 177|0x000000008c900000, 0x000000008ca00000, 0x000000008ca00000|100%| O|  |TAMS 0x000000008c900000, 0x000000008ca00000| Untracked 
| 178|0x000000008ca00000, 0x000000008cb00000, 0x000000008cb00000|100%| O|  |TAMS 0x000000008ca00000, 0x000000008cb00000| Untracked 
| 179|0x000000008cb00000, 0x000000008cc00000, 0x000000008cc00000|100%| O|  |TAMS 0x000000008cb00000, 0x000000008cc00000| Untracked 
| 180|0x000000008cc00000, 0x000000008cd00000, 0x000000008cd00000|100%| O|  |TAMS 0x000000008cc00000, 0x000000008cd00000| Untracked 
| 181|0x000000008cd00000, 0x000000008ce00000, 0x000000008ce00000|100%| O|  |TAMS 0x000000008cd00000, 0x000000008ce00000| Untracked 
| 182|0x000000008ce00000, 0x000000008cf00000, 0x000000008cf00000|100%| O|  |TAMS 0x000000008ce00000, 0x000000008cf00000| Untracked 
| 183|0x000000008cf00000, 0x000000008d000000, 0x000000008d000000|100%| O|  |TAMS 0x000000008cf00000, 0x000000008d000000| Untracked 
| 184|0x000000008d000000, 0x000000008d100000, 0x000000008d100000|100%| O|  |TAMS 0x000000008d000000, 0x000000008d100000| Untracked 
| 185|0x000000008d100000, 0x000000008d200000, 0x000000008d200000|100%| O|  |TAMS 0x000000008d100000, 0x000000008d200000| Untracked 
| 186|0x000000008d200000, 0x000000008d300000, 0x000000008d300000|100%| O|  |TAMS 0x000000008d200000, 0x000000008d300000| Untracked 
| 187|0x000000008d300000, 0x000000008d400000, 0x000000008d400000|100%| O|  |TAMS 0x000000008d300000, 0x000000008d400000| Untracked 
| 188|0x000000008d400000, 0x000000008d500000, 0x000000008d500000|100%| O|  |TAMS 0x000000008d400000, 0x000000008d500000| Untracked 
| 189|0x000000008d500000, 0x000000008d600000, 0x000000008d600000|100%| O|  |TAMS 0x000000008d500000, 0x000000008d600000| Untracked 
| 190|0x000000008d600000, 0x000000008d700000, 0x000000008d700000|100%| O|  |TAMS 0x000000008d600000, 0x000000008d700000| Untracked 
| 191|0x000000008d700000, 0x000000008d800000, 0x000000008d800000|100%| O|  |TAMS 0x000000008d700000, 0x000000008d800000| Untracked 
| 192|0x000000008d800000, 0x000000008d900000, 0x000000008d900000|100%| O|  |TAMS 0x000000008d800000, 0x000000008d880000| Untracked 
| 193|0x000000008d900000, 0x000000008da00000, 0x000000008da00000|100%| O|  |TAMS 0x000000008d900000, 0x000000008d900000| Untracked 
| 194|0x000000008da00000, 0x000000008db00000, 0x000000008db00000|100%| O|  |TAMS 0x000000008da00000, 0x000000008da00000| Untracked 
| 195|0x000000008db00000, 0x000000008dc00000, 0x000000008dc00000|100%| O|  |TAMS 0x000000008db00000, 0x000000008db00000| Untracked 
| 196|0x000000008dc00000, 0x000000008dd00000, 0x000000008dd00000|100%| O|  |TAMS 0x000000008dc00000, 0x000000008dc00000| Untracked 
| 197|0x000000008dd00000, 0x000000008de00000, 0x000000008de00000|100%| O|  |TAMS 0x000000008dd00000, 0x000000008dd00000| Untracked 
| 198|0x000000008de00000, 0x000000008df00000, 0x000000008df00000|100%| O|  |TAMS 0x000000008de00000, 0x000000008de00000| Untracked 
| 199|0x000000008df00000, 0x000000008e000000, 0x000000008e000000|100%| O|  |TAMS 0x000000008df00000, 0x000000008df00000| Untracked 
| 200|0x000000008e000000, 0x000000008e100000, 0x000000008e100000|100%| O|  |TAMS 0x000000008e000000, 0x000000008e000000| Untracked 
| 201|0x000000008e100000, 0x000000008e200000, 0x000000008e200000|100%| O|  |TAMS 0x000000008e100000, 0x000000008e100000| Untracked 
| 202|0x000000008e200000, 0x000000008e300000, 0x000000008e300000|100%| O|  |TAMS 0x000000008e200000, 0x000000008e200000| Untracked 
| 203|0x000000008e300000, 0x000000008e400000, 0x000000008e400000|100%| O|  |TAMS 0x000000008e300000, 0x000000008e300000| Untracked 
| 204|0x000000008e400000, 0x000000008e500000, 0x000000008e500000|100%| O|  |TAMS 0x000000008e400000, 0x000000008e400000| Untracked 
| 205|0x000000008e500000, 0x000000008e600000, 0x000000008e600000|100%| O|  |TAMS 0x000000008e500000, 0x000000008e500000| Untracked 
| 206|0x000000008e600000, 0x000000008e680000, 0x000000008e700000| 50%| O|  |TAMS 0x000000008e600000, 0x000000008e600000| Untracked 
| 207|0x000000008e700000, 0x000000008e700000, 0x000000008e800000|  0%| F|  |TAMS 0x000000008e700000, 0x000000008e700000| Untracked 
| 208|0x000000008e800000, 0x000000008e800000, 0x000000008e900000|  0%| F|  |TAMS 0x000000008e800000, 0x000000008e800000| Untracked 
| 209|0x000000008e900000, 0x000000008e900000, 0x000000008ea00000|  0%| F|  |TAMS 0x000000008e900000, 0x000000008e900000| Untracked 
| 210|0x000000008ea00000, 0x000000008ea00000, 0x000000008eb00000|  0%| F|  |TAMS 0x000000008ea00000, 0x000000008ea00000| Untracked 
| 211|0x000000008eb00000, 0x000000008eb00000, 0x000000008ec00000|  0%| F|  |TAMS 0x000000008eb00000, 0x000000008eb00000| Untracked 
| 212|0x000000008ec00000, 0x000000008ec00000, 0x000000008ed00000|  0%| F|  |TAMS 0x000000008ec00000, 0x000000008ec00000| Untracked 
| 213|0x000000008ed00000, 0x000000008ed00000, 0x000000008ee00000|  0%| F|  |TAMS 0x000000008ed00000, 0x000000008ed00000| Untracked 
| 214|0x000000008ee00000, 0x000000008ee00000, 0x000000008ef00000|  0%| F|  |TAMS 0x000000008ee00000, 0x000000008ee00000| Untracked 
| 215|0x000000008ef00000, 0x000000008ef00000, 0x000000008f000000|  0%| F|  |TAMS 0x000000008ef00000, 0x000000008ef00000| Untracked 
| 216|0x000000008f000000, 0x000000008f000000, 0x000000008f100000|  0%| F|  |TAMS 0x000000008f000000, 0x000000008f000000| Untracked 
| 217|0x000000008f100000, 0x000000008f100000, 0x000000008f200000|  0%| F|  |TAMS 0x000000008f100000, 0x000000008f100000| Untracked 
| 218|0x000000008f200000, 0x000000008f200000, 0x000000008f300000|  0%| F|  |TAMS 0x000000008f200000, 0x000000008f200000| Untracked 
| 219|0x000000008f300000, 0x000000008f300000, 0x000000008f400000|  0%| F|  |TAMS 0x000000008f300000, 0x000000008f300000| Untracked 
| 220|0x000000008f400000, 0x000000008f400000, 0x000000008f500000|  0%| F|  |TAMS 0x000000008f400000, 0x000000008f400000| Untracked 
| 221|0x000000008f500000, 0x000000008f500000, 0x000000008f600000|  0%| F|  |TAMS 0x000000008f500000, 0x000000008f500000| Untracked 
| 222|0x000000008f600000, 0x000000008f600000, 0x000000008f700000|  0%| F|  |TAMS 0x000000008f600000, 0x000000008f600000| Untracked 
| 223|0x000000008f700000, 0x000000008f700000, 0x000000008f800000|  0%| F|  |TAMS 0x000000008f700000, 0x000000008f700000| Untracked 
| 224|0x000000008f800000, 0x000000008f800000, 0x000000008f900000|  0%| F|  |TAMS 0x000000008f800000, 0x000000008f800000| Untracked 
| 225|0x000000008f900000, 0x000000008f900000, 0x000000008fa00000|  0%| F|  |TAMS 0x000000008f900000, 0x000000008f900000| Untracked 
| 226|0x000000008fa00000, 0x000000008fa00000, 0x000000008fb00000|  0%| F|  |TAMS 0x000000008fa00000, 0x000000008fa00000| Untracked 
| 227|0x000000008fb00000, 0x000000008fb00000, 0x000000008fc00000|  0%| F|  |TAMS 0x000000008fb00000, 0x000000008fb00000| Untracked 
| 228|0x000000008fc00000, 0x000000008fc00000, 0x000000008fd00000|  0%| F|  |TAMS 0x000000008fc00000, 0x000000008fc00000| Untracked 
| 229|0x000000008fd00000, 0x000000008fd00000, 0x000000008fe00000|  0%| F|  |TAMS 0x000000008fd00000, 0x000000008fd00000| Untracked 
| 230|0x000000008fe00000, 0x000000008fe00000, 0x000000008ff00000|  0%| F|  |TAMS 0x000000008fe00000, 0x000000008fe00000| Untracked 
| 231|0x000000008ff00000, 0x000000008ff00000, 0x0000000090000000|  0%| F|  |TAMS 0x000000008ff00000, 0x000000008ff00000| Untracked 
| 232|0x0000000090000000, 0x0000000090000000, 0x0000000090100000|  0%| F|  |TAMS 0x0000000090000000, 0x0000000090000000| Untracked 
| 233|0x0000000090100000, 0x0000000090100000, 0x0000000090200000|  0%| F|  |TAMS 0x0000000090100000, 0x0000000090100000| Untracked 
| 234|0x0000000090200000, 0x0000000090200000, 0x0000000090300000|  0%| F|  |TAMS 0x0000000090200000, 0x0000000090200000| Untracked 
| 235|0x0000000090300000, 0x0000000090300000, 0x0000000090400000|  0%| F|  |TAMS 0x0000000090300000, 0x0000000090300000| Untracked 
| 236|0x0000000090400000, 0x0000000090400000, 0x0000000090500000|  0%| F|  |TAMS 0x0000000090400000, 0x0000000090400000| Untracked 
| 237|0x0000000090500000, 0x0000000090500000, 0x0000000090600000|  0%| F|  |TAMS 0x0000000090500000, 0x0000000090500000| Untracked 
| 238|0x0000000090600000, 0x0000000090600000, 0x0000000090700000|  0%| F|  |TAMS 0x0000000090600000, 0x0000000090600000| Untracked 
| 239|0x0000000090700000, 0x0000000090700000, 0x0000000090800000|  0%| F|  |TAMS 0x0000000090700000, 0x0000000090700000| Untracked 
| 240|0x0000000090800000, 0x0000000090800000, 0x0000000090900000|  0%| F|  |TAMS 0x0000000090800000, 0x0000000090800000| Untracked 
| 241|0x0000000090900000, 0x0000000090900000, 0x0000000090a00000|  0%| F|  |TAMS 0x0000000090900000, 0x0000000090900000| Untracked 
| 242|0x0000000090a00000, 0x0000000090a00000, 0x0000000090b00000|  0%| F|  |TAMS 0x0000000090a00000, 0x0000000090a00000| Untracked 
| 243|0x0000000090b00000, 0x0000000090b00000, 0x0000000090c00000|  0%| F|  |TAMS 0x0000000090b00000, 0x0000000090b00000| Untracked 
| 244|0x0000000090c00000, 0x0000000090c00000, 0x0000000090d00000|  0%| F|  |TAMS 0x0000000090c00000, 0x0000000090c00000| Untracked 
| 245|0x0000000090d00000, 0x0000000090d00000, 0x0000000090e00000|  0%| F|  |TAMS 0x0000000090d00000, 0x0000000090d00000| Untracked 
| 246|0x0000000090e00000, 0x0000000090e00000, 0x0000000090f00000|  0%| F|  |TAMS 0x0000000090e00000, 0x0000000090e00000| Untracked 
| 247|0x0000000090f00000, 0x0000000090f00000, 0x0000000091000000|  0%| F|  |TAMS 0x0000000090f00000, 0x0000000090f00000| Untracked 
| 248|0x0000000091000000, 0x0000000091000000, 0x0000000091100000|  0%| F|  |TAMS 0x0000000091000000, 0x0000000091000000| Untracked 
| 249|0x0000000091100000, 0x0000000091100000, 0x0000000091200000|  0%| F|  |TAMS 0x0000000091100000, 0x0000000091100000| Untracked 
| 250|0x0000000091200000, 0x0000000091200000, 0x0000000091300000|  0%| F|  |TAMS 0x0000000091200000, 0x0000000091200000| Untracked 
| 251|0x0000000091300000, 0x0000000091300000, 0x0000000091400000|  0%| F|  |TAMS 0x0000000091300000, 0x0000000091300000| Untracked 
| 252|0x0000000091400000, 0x0000000091400000, 0x0000000091500000|  0%| F|  |TAMS 0x0000000091400000, 0x0000000091400000| Untracked 
| 253|0x0000000091500000, 0x0000000091500000, 0x0000000091600000|  0%| F|  |TAMS 0x0000000091500000, 0x0000000091500000| Untracked 
| 254|0x0000000091600000, 0x0000000091600000, 0x0000000091700000|  0%| F|  |TAMS 0x0000000091600000, 0x0000000091600000| Untracked 
| 255|0x0000000091700000, 0x0000000091700000, 0x0000000091800000|  0%| F|  |TAMS 0x0000000091700000, 0x0000000091700000| Untracked 
| 256|0x0000000091800000, 0x0000000091800000, 0x0000000091900000|  0%| F|  |TAMS 0x0000000091800000, 0x0000000091800000| Untracked 
| 257|0x0000000091900000, 0x0000000091900000, 0x0000000091a00000|  0%| F|  |TAMS 0x0000000091900000, 0x0000000091900000| Untracked 
| 258|0x0000000091a00000, 0x0000000091a00000, 0x0000000091b00000|  0%| F|  |TAMS 0x0000000091a00000, 0x0000000091a00000| Untracked 
| 259|0x0000000091b00000, 0x0000000091b00000, 0x0000000091c00000|  0%| F|  |TAMS 0x0000000091b00000, 0x0000000091b00000| Untracked 
| 260|0x0000000091c00000, 0x0000000091c00000, 0x0000000091d00000|  0%| F|  |TAMS 0x0000000091c00000, 0x0000000091c00000| Untracked 
| 261|0x0000000091d00000, 0x0000000091d00000, 0x0000000091e00000|  0%| F|  |TAMS 0x0000000091d00000, 0x0000000091d00000| Untracked 
| 262|0x0000000091e00000, 0x0000000091e00000, 0x0000000091f00000|  0%| F|  |TAMS 0x0000000091e00000, 0x0000000091e00000| Untracked 
| 263|0x0000000091f00000, 0x0000000091f00000, 0x0000000092000000|  0%| F|  |TAMS 0x0000000091f00000, 0x0000000091f00000| Untracked 
| 264|0x0000000092000000, 0x0000000092000000, 0x0000000092100000|  0%| F|  |TAMS 0x0000000092000000, 0x0000000092000000| Untracked 
| 265|0x0000000092100000, 0x0000000092100000, 0x0000000092200000|  0%| F|  |TAMS 0x0000000092100000, 0x0000000092100000| Untracked 
| 266|0x0000000092200000, 0x0000000092200000, 0x0000000092300000|  0%| F|  |TAMS 0x0000000092200000, 0x0000000092200000| Untracked 
| 267|0x0000000092300000, 0x0000000092300000, 0x0000000092400000|  0%| F|  |TAMS 0x0000000092300000, 0x0000000092300000| Untracked 
| 268|0x0000000092400000, 0x0000000092400000, 0x0000000092500000|  0%| F|  |TAMS 0x0000000092400000, 0x0000000092400000| Untracked 
| 269|0x0000000092500000, 0x0000000092500000, 0x0000000092600000|  0%| F|  |TAMS 0x0000000092500000, 0x0000000092500000| Untracked 
| 270|0x0000000092600000, 0x0000000092600000, 0x0000000092700000|  0%| F|  |TAMS 0x0000000092600000, 0x0000000092600000| Untracked 
| 271|0x0000000092700000, 0x0000000092700000, 0x0000000092800000|  0%| F|  |TAMS 0x0000000092700000, 0x0000000092700000| Untracked 
| 272|0x0000000092800000, 0x0000000092800000, 0x0000000092900000|  0%| F|  |TAMS 0x0000000092800000, 0x0000000092800000| Untracked 
| 273|0x0000000092900000, 0x0000000092900000, 0x0000000092a00000|  0%| F|  |TAMS 0x0000000092900000, 0x0000000092900000| Untracked 
| 274|0x0000000092a00000, 0x0000000092a00000, 0x0000000092b00000|  0%| F|  |TAMS 0x0000000092a00000, 0x0000000092a00000| Untracked 
| 275|0x0000000092b00000, 0x0000000092b00000, 0x0000000092c00000|  0%| F|  |TAMS 0x0000000092b00000, 0x0000000092b00000| Untracked 
| 276|0x0000000092c00000, 0x0000000092c00000, 0x0000000092d00000|  0%| F|  |TAMS 0x0000000092c00000, 0x0000000092c00000| Untracked 
| 277|0x0000000092d00000, 0x0000000092d00000, 0x0000000092e00000|  0%| F|  |TAMS 0x0000000092d00000, 0x0000000092d00000| Untracked 
| 278|0x0000000092e00000, 0x0000000092e00000, 0x0000000092f00000|  0%| F|  |TAMS 0x0000000092e00000, 0x0000000092e00000| Untracked 
| 279|0x0000000092f00000, 0x0000000092f00000, 0x0000000093000000|  0%| F|  |TAMS 0x0000000092f00000, 0x0000000092f00000| Untracked 
| 280|0x0000000093000000, 0x0000000093000000, 0x0000000093100000|  0%| F|  |TAMS 0x0000000093000000, 0x0000000093000000| Untracked 
| 281|0x0000000093100000, 0x0000000093100000, 0x0000000093200000|  0%| F|  |TAMS 0x0000000093100000, 0x0000000093100000| Untracked 
| 282|0x0000000093200000, 0x0000000093200000, 0x0000000093300000|  0%| F|  |TAMS 0x0000000093200000, 0x0000000093200000| Untracked 
| 283|0x0000000093300000, 0x0000000093300000, 0x0000000093400000|  0%| F|  |TAMS 0x0000000093300000, 0x0000000093300000| Untracked 
| 284|0x0000000093400000, 0x0000000093400000, 0x0000000093500000|  0%| F|  |TAMS 0x0000000093400000, 0x0000000093400000| Untracked 
| 285|0x0000000093500000, 0x0000000093500000, 0x0000000093600000|  0%| F|  |TAMS 0x0000000093500000, 0x0000000093500000| Untracked 
| 286|0x0000000093600000, 0x0000000093600000, 0x0000000093700000|  0%| F|  |TAMS 0x0000000093600000, 0x0000000093600000| Untracked 
| 287|0x0000000093700000, 0x0000000093700000, 0x0000000093800000|  0%| F|  |TAMS 0x0000000093700000, 0x0000000093700000| Untracked 
| 288|0x0000000093800000, 0x0000000093800000, 0x0000000093900000|  0%| F|  |TAMS 0x0000000093800000, 0x0000000093800000| Untracked 
| 289|0x0000000093900000, 0x0000000093900000, 0x0000000093a00000|  0%| F|  |TAMS 0x0000000093900000, 0x0000000093900000| Untracked 
| 290|0x0000000093a00000, 0x0000000093a00000, 0x0000000093b00000|  0%| F|  |TAMS 0x0000000093a00000, 0x0000000093a00000| Untracked 
| 291|0x0000000093b00000, 0x0000000093b00000, 0x0000000093c00000|  0%| F|  |TAMS 0x0000000093b00000, 0x0000000093b00000| Untracked 
| 292|0x0000000093c00000, 0x0000000093c00000, 0x0000000093d00000|  0%| F|  |TAMS 0x0000000093c00000, 0x0000000093c00000| Untracked 
| 293|0x0000000093d00000, 0x0000000093d00000, 0x0000000093e00000|  0%| F|  |TAMS 0x0000000093d00000, 0x0000000093d00000| Untracked 
| 294|0x0000000093e00000, 0x0000000093e00000, 0x0000000093f00000|  0%| F|  |TAMS 0x0000000093e00000, 0x0000000093e00000| Untracked 
| 295|0x0000000093f00000, 0x0000000093f00000, 0x0000000094000000|  0%| F|  |TAMS 0x0000000093f00000, 0x0000000093f00000| Untracked 
| 296|0x0000000094000000, 0x0000000094000000, 0x0000000094100000|  0%| F|  |TAMS 0x0000000094000000, 0x0000000094000000| Untracked 
| 297|0x0000000094100000, 0x0000000094100000, 0x0000000094200000|  0%| F|  |TAMS 0x0000000094100000, 0x0000000094100000| Untracked 
| 298|0x0000000094200000, 0x0000000094200000, 0x0000000094300000|  0%| F|  |TAMS 0x0000000094200000, 0x0000000094200000| Untracked 
| 299|0x0000000094300000, 0x0000000094300000, 0x0000000094400000|  0%| F|  |TAMS 0x0000000094300000, 0x0000000094300000| Untracked 
| 300|0x0000000094400000, 0x0000000094400000, 0x0000000094500000|  0%| F|  |TAMS 0x0000000094400000, 0x0000000094400000| Untracked 
| 301|0x0000000094500000, 0x0000000094500000, 0x0000000094600000|  0%| F|  |TAMS 0x0000000094500000, 0x0000000094500000| Untracked 
| 302|0x0000000094600000, 0x0000000094600000, 0x0000000094700000|  0%| F|  |TAMS 0x0000000094600000, 0x0000000094600000| Untracked 
| 303|0x0000000094700000, 0x0000000094700000, 0x0000000094800000|  0%| F|  |TAMS 0x0000000094700000, 0x0000000094700000| Untracked 
| 304|0x0000000094800000, 0x0000000094800000, 0x0000000094900000|  0%| F|  |TAMS 0x0000000094800000, 0x0000000094800000| Untracked 
| 305|0x0000000094900000, 0x0000000094900000, 0x0000000094a00000|  0%| F|  |TAMS 0x0000000094900000, 0x0000000094900000| Untracked 
| 306|0x0000000094a00000, 0x0000000094a00000, 0x0000000094b00000|  0%| F|  |TAMS 0x0000000094a00000, 0x0000000094a00000| Untracked 
| 307|0x0000000094b00000, 0x0000000094b00000, 0x0000000094c00000|  0%| F|  |TAMS 0x0000000094b00000, 0x0000000094b00000| Untracked 
| 308|0x0000000094c00000, 0x0000000094c00000, 0x0000000094d00000|  0%| F|  |TAMS 0x0000000094c00000, 0x0000000094c00000| Untracked 
| 309|0x0000000094d00000, 0x0000000094d00000, 0x0000000094e00000|  0%| F|  |TAMS 0x0000000094d00000, 0x0000000094d00000| Untracked 
| 310|0x0000000094e00000, 0x0000000094e00000, 0x0000000094f00000|  0%| F|  |TAMS 0x0000000094e00000, 0x0000000094e00000| Untracked 
| 311|0x0000000094f00000, 0x0000000094f00000, 0x0000000095000000|  0%| F|  |TAMS 0x0000000094f00000, 0x0000000094f00000| Untracked 
| 312|0x0000000095000000, 0x0000000095000000, 0x0000000095100000|  0%| F|  |TAMS 0x0000000095000000, 0x0000000095000000| Untracked 
| 313|0x0000000095100000, 0x0000000095100000, 0x0000000095200000|  0%| F|  |TAMS 0x0000000095100000, 0x0000000095100000| Untracked 
| 314|0x0000000095200000, 0x0000000095200000, 0x0000000095300000|  0%| F|  |TAMS 0x0000000095200000, 0x0000000095200000| Untracked 
| 315|0x0000000095300000, 0x0000000095300000, 0x0000000095400000|  0%| F|  |TAMS 0x0000000095300000, 0x0000000095300000| Untracked 
| 316|0x0000000095400000, 0x0000000095400000, 0x0000000095500000|  0%| F|  |TAMS 0x0000000095400000, 0x0000000095400000| Untracked 
| 317|0x0000000095500000, 0x0000000095500000, 0x0000000095600000|  0%| F|  |TAMS 0x0000000095500000, 0x0000000095500000| Untracked 
| 318|0x0000000095600000, 0x0000000095600000, 0x0000000095700000|  0%| F|  |TAMS 0x0000000095600000, 0x0000000095600000| Untracked 
| 319|0x0000000095700000, 0x0000000095700000, 0x0000000095800000|  0%| F|  |TAMS 0x0000000095700000, 0x0000000095700000| Untracked 
| 320|0x0000000095800000, 0x0000000095800000, 0x0000000095900000|  0%| F|  |TAMS 0x0000000095800000, 0x0000000095800000| Untracked 
| 321|0x0000000095900000, 0x0000000095900000, 0x0000000095a00000|  0%| F|  |TAMS 0x0000000095900000, 0x0000000095900000| Untracked 
| 322|0x0000000095a00000, 0x0000000095a00000, 0x0000000095b00000|  0%| F|  |TAMS 0x0000000095a00000, 0x0000000095a00000| Untracked 
| 323|0x0000000095b00000, 0x0000000095b00000, 0x0000000095c00000|  0%| F|  |TAMS 0x0000000095b00000, 0x0000000095b00000| Untracked 
| 324|0x0000000095c00000, 0x0000000095c00000, 0x0000000095d00000|  0%| F|  |TAMS 0x0000000095c00000, 0x0000000095c00000| Untracked 
| 325|0x0000000095d00000, 0x0000000095d00000, 0x0000000095e00000|  0%| F|  |TAMS 0x0000000095d00000, 0x0000000095d00000| Untracked 
| 326|0x0000000095e00000, 0x0000000095e00000, 0x0000000095f00000|  0%| F|  |TAMS 0x0000000095e00000, 0x0000000095e00000| Untracked 
| 327|0x0000000095f00000, 0x0000000095f00000, 0x0000000096000000|  0%| F|  |TAMS 0x0000000095f00000, 0x0000000095f00000| Untracked 
| 328|0x0000000096000000, 0x0000000096000000, 0x0000000096100000|  0%| F|  |TAMS 0x0000000096000000, 0x0000000096000000| Untracked 
| 329|0x0000000096100000, 0x0000000096100000, 0x0000000096200000|  0%| F|  |TAMS 0x0000000096100000, 0x0000000096100000| Untracked 
| 330|0x0000000096200000, 0x0000000096200000, 0x0000000096300000|  0%| F|  |TAMS 0x0000000096200000, 0x0000000096200000| Untracked 
| 331|0x0000000096300000, 0x0000000096300000, 0x0000000096400000|  0%| F|  |TAMS 0x0000000096300000, 0x0000000096300000| Untracked 
| 332|0x0000000096400000, 0x0000000096400000, 0x0000000096500000|  0%| F|  |TAMS 0x0000000096400000, 0x0000000096400000| Untracked 
| 333|0x0000000096500000, 0x0000000096500000, 0x0000000096600000|  0%| F|  |TAMS 0x0000000096500000, 0x0000000096500000| Untracked 
| 334|0x0000000096600000, 0x0000000096600000, 0x0000000096700000|  0%| F|  |TAMS 0x0000000096600000, 0x0000000096600000| Untracked 
| 335|0x0000000096700000, 0x0000000096700000, 0x0000000096800000|  0%| F|  |TAMS 0x0000000096700000, 0x0000000096700000| Untracked 
| 336|0x0000000096800000, 0x0000000096800000, 0x0000000096900000|  0%| F|  |TAMS 0x0000000096800000, 0x0000000096800000| Untracked 
| 337|0x0000000096900000, 0x0000000096900000, 0x0000000096a00000|  0%| F|  |TAMS 0x0000000096900000, 0x0000000096900000| Untracked 
| 338|0x0000000096a00000, 0x0000000096a00000, 0x0000000096b00000|  0%| F|  |TAMS 0x0000000096a00000, 0x0000000096a00000| Untracked 
| 339|0x0000000096b00000, 0x0000000096b00000, 0x0000000096c00000|  0%| F|  |TAMS 0x0000000096b00000, 0x0000000096b00000| Untracked 
| 340|0x0000000096c00000, 0x0000000096c00000, 0x0000000096d00000|  0%| F|  |TAMS 0x0000000096c00000, 0x0000000096c00000| Untracked 
| 341|0x0000000096d00000, 0x0000000096d00000, 0x0000000096e00000|  0%| F|  |TAMS 0x0000000096d00000, 0x0000000096d00000| Untracked 
| 342|0x0000000096e00000, 0x0000000096e80000, 0x0000000096f00000| 50%| S|CS|TAMS 0x0000000096e00000, 0x0000000096e00000| Complete 
| 343|0x0000000096f00000, 0x0000000097000000, 0x0000000097000000|100%| S|CS|TAMS 0x0000000096f00000, 0x0000000096f00000| Complete 
| 344|0x0000000097000000, 0x0000000097100000, 0x0000000097100000|100%| S|CS|TAMS 0x0000000097000000, 0x0000000097000000| Complete 
| 345|0x0000000097100000, 0x0000000097200000, 0x0000000097200000|100%| S|CS|TAMS 0x0000000097100000, 0x0000000097100000| Complete 
| 346|0x0000000097200000, 0x0000000097200000, 0x0000000097300000|  0%| F|  |TAMS 0x0000000097200000, 0x0000000097200000| Untracked 
| 347|0x0000000097300000, 0x0000000097300000, 0x0000000097400000|  0%| F|  |TAMS 0x0000000097300000, 0x0000000097300000| Untracked 
| 348|0x0000000097400000, 0x0000000097400000, 0x0000000097500000|  0%| F|  |TAMS 0x0000000097400000, 0x0000000097400000| Untracked 
| 349|0x0000000097500000, 0x0000000097500000, 0x0000000097600000|  0%| F|  |TAMS 0x0000000097500000, 0x0000000097500000| Untracked 
| 350|0x0000000097600000, 0x0000000097600000, 0x0000000097700000|  0%| F|  |TAMS 0x0000000097600000, 0x0000000097600000| Untracked 
|2023|0x00000000fff00000, 0x0000000100000000, 0x0000000100000000|100%| O|  |TAMS 0x0000000100000000, 0x0000000100000000| Untracked 

Card table byte_map: [0x0000027a6c1c0000,0x0000027a6c5c0000] _byte_map_base: 0x0000027a6bdb4000

Marking Bits (Prev, Next): (CMBitMap*) 0x0000027a5f904e60, (CMBitMap*) 0x0000027a5f904ea0
 Prev Bits: [0x0000027a6c9c0000, 0x0000027a6e960000)
 Next Bits: [0x0000027a6e960000, 0x0000027a70900000)

Polling page: 0x0000027a68900000

Metaspace:

Usage:
  Non-class:     60.19 MB used.
      Class:     10.26 MB used.
       Both:     70.45 MB used.

Virtual space:
  Non-class space:       64.00 MB reserved,      60.56 MB ( 95%) committed,  1 nodes.
      Class space:        1.00 GB reserved,      10.62 MB (  1%) committed,  1 nodes.
             Both:        1.06 GB reserved,      71.19 MB (  7%) committed. 

Chunk freelists:
   Non-Class:  3.36 MB
       Class:  5.44 MB
        Both:  8.79 MB

MaxMetaspaceSize: unlimited
CompressedClassSpaceSize: 1.00 GB
Initial GC threshold: 21.00 MB
Current GC threshold: 118.69 MB
CDS: on
MetaspaceReclaimPolicy: balanced
 - commit_granule_bytes: 65536.
 - commit_granule_words: 8192.
 - virtual_space_node_default_size: 8388608.
 - enlarge_chunks_in_place: 1.
 - new_chunks_are_fully_committed: 0.
 - uncommit_free_chunks: 1.
 - use_allocation_guard: 0.
 - handle_deallocations: 1.


Internal statistics:

num_allocs_failed_limit: 9.
num_arena_births: 1032.
num_arena_deaths: 0.
num_vsnodes_births: 2.
num_vsnodes_deaths: 0.
num_space_committed: 1139.
num_space_uncommitted: 0.
num_chunks_returned_to_freelist: 9.
num_chunks_taken_from_freelist: 3703.
num_chunk_merges: 9.
num_chunk_splits: 2599.
num_chunks_enlarged: 1932.
num_inconsistent_stats: 0.

CodeCache: size=49152Kb used=15426Kb max_used=16530Kb free=33726Kb
 bounds [0x0000027a68920000, 0x0000027a69950000, 0x0000027a6b920000]
 total_blobs=9892 nmethods=9188 adapters=630
 compilation: enabled
              stopped_count=0, restarted_count=0
 full_count=0

Compilation events (20 events):
Event: 17.426 Thread 0x0000027a72f1e460 9180       1       java.io.ObjectStreamClass$ClassDataSlot::<init> (15 bytes)
Event: 17.426 Thread 0x0000027a72f1e460 nmethod 9180 0x0000027a68b5b590 code [0x0000027a68b5b720, 0x0000027a68b5b838]
Event: 17.426 Thread 0x0000027a72f1e460 9181   !   1       java.rmi.server.UID::<init> (164 bytes)
Event: 17.427 Thread 0x0000027a72f1e460 nmethod 9181 0x0000027a68b5aa90 code [0x0000027a68b5aca0, 0x0000027a68b5b228]
Event: 17.427 Thread 0x0000027a72f1e460 9182       1       java.rmi.server.UID::write (31 bytes)
Event: 17.428 Thread 0x0000027a72f1e460 nmethod 9182 0x0000027a68b5a690 code [0x0000027a68b5a840, 0x0000027a68b5a9a8]
Event: 17.428 Thread 0x0000027a72f1e460 9183       1       java.rmi.server.UID::read (34 bytes)
Event: 17.428 Thread 0x0000027a72f1e460 nmethod 9183 0x0000027a68b5a210 code [0x0000027a68b5a3c0, 0x0000027a68b5a568]
Event: 17.428 Thread 0x0000027a72f1e460 9184       1       java.rmi.server.UID::<init> (21 bytes)
Event: 17.428 Thread 0x0000027a72f1e460 nmethod 9184 0x0000027a68b59f10 code [0x0000027a68b5a0a0, 0x0000027a68b5a178]
Event: 17.428 Thread 0x0000027a72f1e460 9185   !   1       sun.rmi.transport.ObjectTable::getTarget (26 bytes)
Event: 17.428 Thread 0x0000027a72f1e460 nmethod 9185 0x0000027a68b59990 code [0x0000027a68b59b40, 0x0000027a68b59d68]
Event: 18.287 Thread 0x0000027a72f1e460 9186       1       org.antlr.v4.runtime.misc.IntegerStack::peek (11 bytes)
Event: 18.287 Thread 0x0000027a72f1e460 nmethod 9186 0x0000027a68b59510 code [0x0000027a68b596c0, 0x0000027a68b59868]
Event: 18.500 Thread 0x0000027a72f1e460 9187       1       java.rmi.server.UID::hashCode (11 bytes)
Event: 18.500 Thread 0x0000027a72f1e460 nmethod 9187 0x0000027a68b59210 code [0x0000027a68b593a0, 0x0000027a68b59478]
Event: 18.501 Thread 0x0000027a72f1e460 9188       1       java.util.Collections::reverse (125 bytes)
Event: 18.501 Thread 0x0000027a72f1e460 nmethod 9188 0x0000027a68b58990 code [0x0000027a68b58bc0, 0x0000027a68b58f68]
Event: 18.501 Thread 0x0000027a72f1e460 9189       1       java.io.ObjectStreamClass::getClassDataLayout0 (297 bytes)
Event: 18.504 Thread 0x0000027a72f1e460 nmethod 9189 0x0000027a68b56b10 code [0x0000027a68b56e60, 0x0000027a68b57f48]

GC Heap History (20 events):
Event: 12.504 GC heap after
{Heap after GC invocations=26 (full 0):
 garbage-first heap   total 235520K, used 54850K [0x0000000081800000, 0x0000000100000000)
  region size 1024K, 4 young (4096K), 4 survivors (4096K)
 Metaspace       used 70655K, committed 71360K, reserved 1114112K
  class space    used 10316K, committed 10624K, reserved 1048576K
}
Event: 13.236 GC heap before
{Heap before GC invocations=26 (full 0):
 garbage-first heap   total 235520K, used 191042K [0x0000000081800000, 0x0000000100000000)
  region size 1024K, 137 young (140288K), 4 survivors (4096K)
 Metaspace       used 70944K, committed 71616K, reserved 1114112K
  class space    used 10372K, committed 10688K, reserved 1048576K
}
Event: 13.241 GC heap after
{Heap after GC invocations=27 (full 0):
 garbage-first heap   total 235520K, used 53367K [0x0000000081800000, 0x0000000100000000)
  region size 1024K, 3 young (3072K), 3 survivors (3072K)
 Metaspace       used 70944K, committed 71616K, reserved 1114112K
  class space    used 10372K, committed 10688K, reserved 1048576K
}
Event: 13.755 GC heap before
{Heap before GC invocations=27 (full 0):
 garbage-first heap   total 235520K, used 194679K [0x0000000081800000, 0x0000000100000000)
  region size 1024K, 138 young (141312K), 3 survivors (3072K)
 Metaspace       used 70946K, committed 71616K, reserved 1114112K
  class space    used 10372K, committed 10688K, reserved 1048576K
}
Event: 13.800 GC heap after
{Heap after GC invocations=28 (full 0):
 garbage-first heap   total 236544K, used 94486K [0x0000000081800000, 0x0000000100000000)
  region size 1024K, 18 young (18432K), 18 survivors (18432K)
 Metaspace       used 70946K, committed 71616K, reserved 1114112K
  class space    used 10372K, committed 10688K, reserved 1048576K
}
Event: 14.189 GC heap before
{Heap before GC invocations=28 (full 0):
 garbage-first heap   total 236544K, used 175382K [0x0000000081800000, 0x0000000100000000)
  region size 1024K, 97 young (99328K), 18 survivors (18432K)
 Metaspace       used 71059K, committed 71808K, reserved 1114112K
  class space    used 10400K, committed 10752K, reserved 1048576K
}
Event: 14.227 GC heap after
{Heap after GC invocations=29 (full 0):
 garbage-first heap   total 236544K, used 108832K [0x0000000081800000, 0x0000000100000000)
  region size 1024K, 13 young (13312K), 13 survivors (13312K)
 Metaspace       used 71059K, committed 71808K, reserved 1114112K
  class space    used 10400K, committed 10752K, reserved 1048576K
}
Event: 15.075 GC heap before
{Heap before GC invocations=29 (full 0):
 garbage-first heap   total 236544K, used 177440K [0x0000000081800000, 0x0000000100000000)
  region size 1024K, 80 young (81920K), 13 survivors (13312K)
 Metaspace       used 71506K, committed 72192K, reserved 1114112K
  class space    used 10447K, committed 10752K, reserved 1048576K
}
Event: 15.097 GC heap after
{Heap after GC invocations=30 (full 0):
 garbage-first heap   total 236544K, used 113440K [0x0000000081800000, 0x0000000100000000)
  region size 1024K, 4 young (4096K), 4 survivors (4096K)
 Metaspace       used 71506K, committed 72192K, reserved 1114112K
  class space    used 10447K, committed 10752K, reserved 1048576K
}
Event: 15.805 GC heap before
{Heap before GC invocations=30 (full 0):
 garbage-first heap   total 236544K, used 183072K [0x0000000081800000, 0x0000000100000000)
  region size 1024K, 72 young (73728K), 4 survivors (4096K)
 Metaspace       used 72137K, committed 72896K, reserved 1114112K
  class space    used 10510K, committed 10880K, reserved 1048576K
}
Event: 15.842 GC heap after
{Heap after GC invocations=31 (full 0):
 garbage-first heap   total 360448K, used 129312K [0x0000000081800000, 0x0000000100000000)
  region size 1024K, 9 young (9216K), 9 survivors (9216K)
 Metaspace       used 72137K, committed 72896K, reserved 1114112K
  class space    used 10510K, committed 10880K, reserved 1048576K
}
Event: 17.241 GC heap before
{Heap before GC invocations=32 (full 0):
 garbage-first heap   total 360448K, used 232736K [0x0000000081800000, 0x0000000100000000)
  region size 1024K, 134 young (137216K), 9 survivors (9216K)
 Metaspace       used 72140K, committed 72896K, reserved 1114112K
  class space    used 10510K, committed 10880K, reserved 1048576K
}
Event: 17.299 GC heap after
{Heap after GC invocations=33 (full 0):
 garbage-first heap   total 360448K, used 136992K [0x0000000081800000, 0x0000000100000000)
  region size 1024K, 17 young (17408K), 17 survivors (17408K)
 Metaspace       used 72140K, committed 72896K, reserved 1114112K
  class space    used 10510K, committed 10880K, reserved 1048576K
}
Event: 17.316 GC heap before
{Heap before GC invocations=33 (full 0):
 garbage-first heap   total 360448K, used 138016K [0x0000000081800000, 0x0000000100000000)
  region size 1024K, 18 young (18432K), 17 survivors (17408K)
 Metaspace       used 72140K, committed 72896K, reserved 1114112K
  class space    used 10510K, committed 10880K, reserved 1048576K
}
Event: 17.353 GC heap after
{Heap after GC invocations=34 (full 0):
 garbage-first heap   total 360448K, used 128288K [0x0000000081800000, 0x0000000100000000)
  region size 1024K, 2 young (2048K), 2 survivors (2048K)
 Metaspace       used 72140K, committed 72896K, reserved 1114112K
  class space    used 10510K, committed 10880K, reserved 1048576K
}
Event: 17.978 GC heap before
{Heap before GC invocations=34 (full 0):
 garbage-first heap   total 360448K, used 254240K [0x0000000081800000, 0x0000000100000000)
  region size 1024K, 122 young (124928K), 2 survivors (2048K)
 Metaspace       used 72140K, committed 72896K, reserved 1114112K
  class space    used 10510K, committed 10880K, reserved 1048576K
}
Event: 18.053 GC heap after
{Heap after GC invocations=35 (full 0):
 garbage-first heap   total 360448K, used 177440K [0x0000000081800000, 0x0000000100000000)
  region size 1024K, 16 young (16384K), 16 survivors (16384K)
 Metaspace       used 72140K, committed 72896K, reserved 1114112K
  class space    used 10510K, committed 10880K, reserved 1048576K
}
Event: 18.435 GC heap before
{Heap before GC invocations=35 (full 0):
 garbage-first heap   total 360448K, used 261408K [0x0000000081800000, 0x0000000100000000)
  region size 1024K, 98 young (100352K), 16 survivors (16384K)
 Metaspace       used 72140K, committed 72896K, reserved 1114112K
  class space    used 10510K, committed 10880K, reserved 1048576K
}
Event: 18.495 GC heap after
{Heap after GC invocations=36 (full 0):
 garbage-first heap   total 360448K, used 211232K [0x0000000081800000, 0x0000000100000000)
  region size 1024K, 13 young (13312K), 13 survivors (13312K)
 Metaspace       used 72140K, committed 72896K, reserved 1114112K
  class space    used 10510K, committed 10880K, reserved 1048576K
}
Event: 18.520 GC heap before
{Heap before GC invocations=36 (full 0):
 garbage-first heap   total 360448K, used 215328K [0x0000000081800000, 0x0000000100000000)
  region size 1024K, 18 young (18432K), 13 survivors (13312K)
 Metaspace       used 72140K, committed 72896K, reserved 1114112K
  class space    used 10510K, committed 10880K, reserved 1048576K
}

Deoptimization events (6 events):
Event: 9.938 Thread 0x0000027a5f8a8c70 DEOPT PACKING pc=0x0000027a69657723 sp=0x0000009b7eef9fc0
Event: 9.938 Thread 0x0000027a5f8a8c70 DEOPT UNPACKING pc=0x0000027a68972b43 sp=0x0000009b7eef94a0 mode 3
Event: 10.053 Thread 0x0000027a5f8a8c70 DEOPT PACKING pc=0x0000027a69699a6c sp=0x0000009b7eef9440
Event: 10.053 Thread 0x0000027a5f8a8c70 DEOPT UNPACKING pc=0x0000027a68972b43 sp=0x0000009b7eef89b8 mode 0
Event: 14.754 Thread 0x0000027a5f8a8c70 DEOPT PACKING pc=0x0000027a6984b784 sp=0x0000009b7eefd7c0
Event: 14.754 Thread 0x0000027a5f8a8c70 DEOPT UNPACKING pc=0x0000027a68972b43 sp=0x0000009b7eefcc20 mode 0

Classes unloaded (0 events):
No events

Classes redefined (0 events):
No events

Internal exceptions (20 events):
Event: 11.592 Thread 0x0000027a5f8a8c70 Exception <a 'java/lang/IncompatibleClassChangeError'{0x0000000088c2d178}: Found class java.lang.Object, but interface was expected> (0x0000000088c2d178) 
thrown [s\open\src\hotspot\share\interpreter\linkResolver.cpp, line 826]
Event: 11.606 Thread 0x0000027a5f8a8c70 Exception <a 'java/lang/NoSuchMethodError'{0x0000000088cb34f8}: 'java.lang.Object java.lang.invoke.DirectMethodHandle$Holder.invokeStatic(java.lang.Object, int, java.lang.Object)'> (0x0000000088cb34f8) 
thrown [s\open\src\hotspot\share\interpreter\linkResolver.cpp, line 759]
Event: 11.617 Thread 0x0000027a5f8a8c70 Exception <a 'java/lang/NoSuchMethodError'{0x0000000088b16210}: 'java.lang.Object java.lang.invoke.DirectMethodHandle$Holder.invokeInterface(java.lang.Object, java.lang.Object, int)'> (0x0000000088b16210) 
thrown [s\open\src\hotspot\share\interpreter\linkResolver.cpp, line 759]
Event: 11.633 Thread 0x0000027a5f8a8c70 Exception <a 'java/lang/reflect/InvocationTargetException'{0x0000000088b89670}> (0x0000000088b89670) 
thrown [s\open\src\hotspot\share\runtime\reflection.cpp, line 1121]
Event: 11.691 Thread 0x0000027a5f8a8c70 Exception <a 'java/lang/NoSuchMethodError'{0x0000000088822c98}: 'long java.lang.invoke.DirectMethodHandle$Holder.invokeVirtual(java.lang.Object, java.lang.Object)'> (0x0000000088822c98) 
thrown [s\open\src\hotspot\share\interpreter\linkResolver.cpp, line 759]
Event: 11.759 Thread 0x0000027a5f8a8c70 Exception <a 'java/lang/reflect/InvocationTargetException'{0x000000008841d420}> (0x000000008841d420) 
thrown [s\open\src\hotspot\share\runtime\reflection.cpp, line 1121]
Event: 11.764 Thread 0x0000027a5f8a8c70 Exception <a 'java/lang/reflect/InvocationTargetException'{0x000000008842bc18}> (0x000000008842bc18) 
thrown [s\open\src\hotspot\share\runtime\reflection.cpp, line 1121]
Event: 12.061 Thread 0x0000027a5f8a8c70 Exception <a 'java/lang/reflect/InvocationTargetException'{0x0000000087882168}> (0x0000000087882168) 
thrown [s\open\src\hotspot\share\runtime\reflection.cpp, line 1121]
Event: 12.809 Thread 0x0000027a5f8a8c70 Exception <a 'java/lang/reflect/InvocationTargetException'{0x000000008c0d6c78}> (0x000000008c0d6c78) 
thrown [s\open\src\hotspot\share\runtime\reflection.cpp, line 1121]
Event: 12.810 Thread 0x0000027a5f8a8c70 Exception <a 'java/lang/reflect/InvocationTargetException'{0x000000008c0e10f8}> (0x000000008c0e10f8) 
thrown [s\open\src\hotspot\share\runtime\reflection.cpp, line 1121]
Event: 12.814 Thread 0x0000027a5f8a8c70 Exception <a 'java/lang/reflect/InvocationTargetException'{0x000000008c0f00b8}> (0x000000008c0f00b8) 
thrown [s\open\src\hotspot\share\runtime\reflection.cpp, line 1121]
Event: 12.865 Thread 0x0000027a5f8a8c70 Exception <a 'java/io/FileNotFoundException'{0x000000008be53940}> (0x000000008be53940) 
thrown [s\open\src\hotspot\share\prims\jni.cpp, line 516]
Event: 12.866 Thread 0x0000027a5f8a8c70 Exception <a 'java/io/FileNotFoundException'{0x000000008be5ead8}> (0x000000008be5ead8) 
thrown [s\open\src\hotspot\share\prims\jni.cpp, line 516]
Event: 12.914 Thread 0x0000027a5f8a8c70 Exception <a 'java/lang/reflect/InvocationTargetException'{0x000000008bb7a390}> (0x000000008bb7a390) 
thrown [s\open\src\hotspot\share\runtime\reflection.cpp, line 1121]
Event: 13.910 Thread 0x0000027a5f8a8c70 Exception <a 'java/lang/reflect/InvocationTargetException'{0x000000008f64f248}> (0x000000008f64f248) 
thrown [s\open\src\hotspot\share\runtime\reflection.cpp, line 1121]
Event: 13.916 Thread 0x0000027a5f8a8c70 Exception <a 'java/lang/reflect/InvocationTargetException'{0x000000008f666928}> (0x000000008f666928) 
thrown [s\open\src\hotspot\share\runtime\reflection.cpp, line 1121]
Event: 14.437 Thread 0x0000027a5f8a8c70 Exception <a 'java/lang/reflect/InvocationTargetException'{0x000000008d097d90}> (0x000000008d097d90) 
thrown [s\open\src\hotspot\share\runtime\reflection.cpp, line 1121]
Event: 14.442 Thread 0x0000027a5f8a8c70 Exception <a 'java/lang/reflect/InvocationTargetException'{0x000000008d0a5798}> (0x000000008d0a5798) 
thrown [s\open\src\hotspot\share\runtime\reflection.cpp, line 1121]
Event: 14.753 Thread 0x0000027a5f8a8c70 Exception <a 'java/lang/NoSuchMethodError'{0x000000008c56bae8}: 'int java.lang.invoke.DirectMethodHandle$Holder.invokeStaticInit(java.lang.Object, int, java.lang.Object, java.lang.Object, java.lang.Object, java.lang.Object)'> (0x000000008c56bae8) 
thrown [s\open\src\hotspot\share\interpreter\linkResolver.cpp, line 759]
Event: 15.377 Thread 0x0000027a5f8a8c70 Exception <a 'sun/nio/fs/WindowsException'{0x000000008eb47238}> (0x000000008eb47238) 
thrown [s\open\src\hotspot\share\prims\jni.cpp, line 516]

VM Operations (20 events):
Event: 14.747 Executing VM operation: HandshakeAllThreads done
Event: 15.075 Executing VM operation: G1CollectForAllocation
Event: 15.097 Executing VM operation: G1CollectForAllocation done
Event: 15.263 Executing VM operation: HandshakeAllThreads
Event: 15.263 Executing VM operation: HandshakeAllThreads done
Event: 15.805 Executing VM operation: G1CollectForAllocation
Event: 15.842 Executing VM operation: G1CollectForAllocation done
Event: 16.059 Executing VM operation: G1Concurrent
Event: 16.067 Executing VM operation: G1Concurrent done
Event: 16.179 Executing VM operation: G1Concurrent
Event: 16.179 Executing VM operation: G1Concurrent done
Event: 17.241 Executing VM operation: G1CollectForAllocation
Event: 17.299 Executing VM operation: G1CollectForAllocation done
Event: 17.316 Executing VM operation: G1CollectForAllocation
Event: 17.353 Executing VM operation: G1CollectForAllocation done
Event: 17.978 Executing VM operation: G1CollectForAllocation
Event: 18.053 Executing VM operation: G1CollectForAllocation done
Event: 18.435 Executing VM operation: G1CollectForAllocation
Event: 18.495 Executing VM operation: G1CollectForAllocation done
Event: 18.520 Executing VM operation: G1TryInitiateConcMark

Events (20 events):
Event: 14.890 Thread 0x0000027a778d5470 Thread added: 0x0000027a778d5470
Event: 14.979 Thread 0x0000027a778d5470 Thread exited: 0x0000027a778d5470
Event: 15.378 loading class java/nio/file/FileAlreadyExistsException
Event: 15.378 loading class java/nio/file/FileAlreadyExistsException done
Event: 15.396 Thread 0x0000027a778d5470 Thread added: 0x0000027a778d5470
Event: 15.403 Thread 0x0000027a778d5470 Thread exited: 0x0000027a778d5470
Event: 15.904 Thread 0x0000027a778d5470 Thread added: 0x0000027a778d5470
Event: 15.976 Thread 0x0000027a778d5470 Thread exited: 0x0000027a778d5470
Event: 16.411 Thread 0x0000027a7a5bc200 Thread added: 0x0000027a7a5bc200
Event: 16.430 Thread 0x0000027a7a5bc200 Thread exited: 0x0000027a7a5bc200
Event: 16.918 Thread 0x0000027a7a5b8f60 Thread added: 0x0000027a7a5b8f60
Event: 16.922 Thread 0x0000027a7a5b8f60 Thread exited: 0x0000027a7a5b8f60
Event: 17.199 Thread 0x0000027a7716e410 Thread exited: 0x0000027a7716e410
Event: 17.425 Thread 0x0000027a7a5bd640 Thread added: 0x0000027a7a5bd640
Event: 17.425 Thread 0x0000027a72ef1cb0 Thread exited: 0x0000027a72ef1cb0
Event: 17.430 Thread 0x0000027a7a5bd640 Thread exited: 0x0000027a7a5bd640
Event: 17.930 Thread 0x0000027a7a5b8030 Thread added: 0x0000027a7a5b8030
Event: 17.933 Thread 0x0000027a7a5b8030 Thread exited: 0x0000027a7a5b8030
Event: 18.500 Thread 0x0000027a7a5cfb60 Thread added: 0x0000027a7a5cfb60
Event: 18.512 Thread 0x0000027a7a5cfb60 Thread exited: 0x0000027a7a5cfb60


Dynamic libraries:
0x00007ff70dae0000 - 0x00007ff70daf0000 	C:\Program Files\Java\jdk-17\bin\java.exe
0x00007ffe739f0000 - 0x00007ffe73be8000 	C:\WINDOWS\SYSTEM32\ntdll.dll
0x00007ffe725d0000 - 0x00007ffe72692000 	C:\WINDOWS\System32\KERNEL32.DLL
0x00007ffe715e0000 - 0x00007ffe718df000 	C:\WINDOWS\System32\KERNELBASE.dll
0x00007ffe718e0000 - 0x00007ffe719e0000 	C:\WINDOWS\System32\ucrtbase.dll
0x00007ffe6cfc0000 - 0x00007ffe6cfdb000 	C:\Program Files\Java\jdk-17\bin\VCRUNTIME140.dll
0x00007ffe6b6e0000 - 0x00007ffe6b6f9000 	C:\Program Files\Java\jdk-17\bin\jli.dll
0x00007ffe71b40000 - 0x00007ffe71bef000 	C:\WINDOWS\System32\ADVAPI32.dll
0x00007ffe72b20000 - 0x00007ffe72bbe000 	C:\WINDOWS\System32\msvcrt.dll
0x00007ffe72870000 - 0x00007ffe7290f000 	C:\WINDOWS\System32\sechost.dll
0x00007ffe71a10000 - 0x00007ffe71b33000 	C:\WINDOWS\System32\RPCRT4.dll
0x00007ffe711d0000 - 0x00007ffe711f7000 	C:\WINDOWS\System32\bcrypt.dll
0x00007ffe72c20000 - 0x00007ffe72dbd000 	C:\WINDOWS\System32\USER32.dll
0x00007ffe719e0000 - 0x00007ffe71a02000 	C:\WINDOWS\System32\win32u.dll
0x00007ffe72af0000 - 0x00007ffe72b1b000 	C:\WINDOWS\System32\GDI32.dll
0x00007ffe71200000 - 0x00007ffe7131a000 	C:\WINDOWS\System32\gdi32full.dll
0x00007ffe714f0000 - 0x00007ffe7158d000 	C:\WINDOWS\System32\msvcp_win.dll
0x00007ffe5a440000 - 0x00007ffe5a6da000 	C:\WINDOWS\WinSxS\amd64_microsoft.windows.common-controls_6595b64144ccf1df_6.0.19041.4355_none_60b8b9eb71f62e16\COMCTL32.dll
0x00007ffe69180000 - 0x00007ffe6918a000 	C:\WINDOWS\SYSTEM32\VERSION.dll
0x00007ffe738f0000 - 0x00007ffe7391f000 	C:\WINDOWS\System32\IMM32.DLL
0x00007ffe6dca0000 - 0x00007ffe6dcac000 	C:\Program Files\Java\jdk-17\bin\vcruntime140_1.dll
0x00007ffe6b5e0000 - 0x00007ffe6b66e000 	C:\Program Files\Java\jdk-17\bin\msvcp140.dll
0x00007ffe35210000 - 0x00007ffe35def000 	C:\Program Files\Java\jdk-17\bin\server\jvm.dll
0x00007ffe726a0000 - 0x00007ffe726a8000 	C:\WINDOWS\System32\PSAPI.DLL
0x00007ffe6cfa0000 - 0x00007ffe6cfa9000 	C:\WINDOWS\SYSTEM32\WSOCK32.dll
0x00007ffe73250000 - 0x00007ffe732bb000 	C:\WINDOWS\System32\WS2_32.dll
0x00007ffe5a6e0000 - 0x00007ffe5a707000 	C:\WINDOWS\SYSTEM32\WINMM.dll
0x00007ffe6f900000 - 0x00007ffe6f912000 	C:\WINDOWS\SYSTEM32\kernel.appcore.dll
0x00007ffe6b6b0000 - 0x00007ffe6b6ba000 	C:\Program Files\Java\jdk-17\bin\jimage.dll
0x00007ffe6f690000 - 0x00007ffe6f874000 	C:\WINDOWS\SYSTEM32\DBGHELP.DLL
0x00007ffe52280000 - 0x00007ffe522b4000 	C:\WINDOWS\SYSTEM32\dbgcore.DLL
0x00007ffe71090000 - 0x00007ffe71112000 	C:\WINDOWS\System32\bcryptPrimitives.dll
0x00007ffe6ae40000 - 0x00007ffe6ae4e000 	C:\Program Files\Java\jdk-17\bin\instrument.dll
0x00007ffe6b270000 - 0x00007ffe6b295000 	C:\Program Files\Java\jdk-17\bin\java.dll
0x00007ffe69fd0000 - 0x00007ffe6a0a7000 	C:\Program Files\Java\jdk-17\bin\jsvml.dll
0x00007ffe71e50000 - 0x00007ffe725bd000 	C:\WINDOWS\System32\SHELL32.dll
0x00007ffe6ee20000 - 0x00007ffe6f5c4000 	C:\WINDOWS\SYSTEM32\windows.storage.dll
0x00007ffe72dc0000 - 0x00007ffe73115000 	C:\WINDOWS\System32\combase.dll
0x00007ffe70a50000 - 0x00007ffe70a7f000 	C:\WINDOWS\SYSTEM32\Wldp.dll
0x00007ffe737a0000 - 0x00007ffe7386d000 	C:\WINDOWS\System32\OLEAUT32.dll
0x00007ffe72a40000 - 0x00007ffe72aed000 	C:\WINDOWS\System32\SHCORE.dll
0x00007ffe732c0000 - 0x00007ffe73315000 	C:\WINDOWS\System32\shlwapi.dll
0x00007ffe70fc0000 - 0x00007ffe70fe4000 	C:\WINDOWS\SYSTEM32\profapi.dll
0x00007ffe6b250000 - 0x00007ffe6b268000 	C:\Program Files\Java\jdk-17\bin\zip.dll
0x00007ffe6ab50000 - 0x00007ffe6ab69000 	C:\Program Files\Java\jdk-17\bin\net.dll
0x00007ffe623b0000 - 0x00007ffe624ba000 	C:\WINDOWS\SYSTEM32\WINHTTP.dll
0x00007ffe707b0000 - 0x00007ffe7081c000 	C:\WINDOWS\system32\mswsock.dll
0x00007ffe6a150000 - 0x00007ffe6a166000 	C:\Program Files\Java\jdk-17\bin\nio.dll
0x00007ffe5e560000 - 0x00007ffe5e57a000 	C:\Program Files\JetBrains\IntelliJ IDEA 2024.3.1.1\bin\breakgen64.dll
0x00007ffe704d0000 - 0x00007ffe7059a000 	C:\WINDOWS\SYSTEM32\DNSAPI.dll
0x00007ffe70490000 - 0x00007ffe704cb000 	C:\WINDOWS\SYSTEM32\IPHLPAPI.DLL
0x00007ffe726b0000 - 0x00007ffe726b8000 	C:\WINDOWS\System32\NSI.dll
0x00007ffe5fe80000 - 0x00007ffe5fe8a000 	C:\Windows\System32\rasadhlp.dll
0x00007ffe61660000 - 0x00007ffe616e0000 	C:\WINDOWS\System32\fwpuclnt.dll
0x00007ffe6ace0000 - 0x00007ffe6acea000 	C:\Program Files\Java\jdk-17\bin\management.dll
0x00007ffe6ab40000 - 0x00007ffe6ab4b000 	C:\Program Files\Java\jdk-17\bin\management_ext.dll
0x00007ffe709b0000 - 0x00007ffe709c8000 	C:\WINDOWS\SYSTEM32\CRYPTSP.dll
0x00007ffe700d0000 - 0x00007ffe70104000 	C:\WINDOWS\system32\rsaenh.dll
0x00007ffe70f40000 - 0x00007ffe70f6e000 	C:\WINDOWS\SYSTEM32\USERENV.dll
0x00007ffe709a0000 - 0x00007ffe709ac000 	C:\WINDOWS\SYSTEM32\CRYPTBASE.dll
0x00007ffe62820000 - 0x00007ffe62837000 	C:\WINDOWS\SYSTEM32\dhcpcsvc6.DLL
0x00007ffe670e0000 - 0x00007ffe670fd000 	C:\WINDOWS\SYSTEM32\dhcpcsvc.DLL
0x00007ffe60f60000 - 0x00007ffe60f77000 	C:\WINDOWS\system32\napinsp.dll
0x00007ffe39a70000 - 0x00007ffe39a8b000 	C:\WINDOWS\system32\pnrpnsp.dll
0x00007ffe6cb80000 - 0x00007ffe6cb95000 	C:\WINDOWS\system32\wshbth.dll
0x00007ffe6b590000 - 0x00007ffe6b5ad000 	C:\WINDOWS\system32\NLAapi.dll
0x00007ffe39a90000 - 0x00007ffe39aa2000 	C:\WINDOWS\System32\winrnr.dll
0x00007ffe582a0000 - 0x00007ffe582f1000 	C:\WINDOWS\SYSTEM32\pdh.dll
0x00007ffe55730000 - 0x00007ffe5573f000 	C:\WINDOWS\System32\perfproc.dll
0x00007ffe53990000 - 0x00007ffe5399f000 	C:\WINDOWS\System32\perfos.dll
0x00007ffe6ab20000 - 0x00007ffe6ab2e000 	C:\Program Files\Java\jdk-17\bin\sunmscapi.dll
0x00007ffe71390000 - 0x00007ffe714ec000 	C:\WINDOWS\System32\CRYPT32.dll
0x00007ffe70ac0000 - 0x00007ffe70ae7000 	C:\WINDOWS\SYSTEM32\ncrypt.dll
0x00007ffe70a80000 - 0x00007ffe70abb000 	C:\WINDOWS\SYSTEM32\NTASN1.dll
0x00007ffe6a940000 - 0x00007ffe6a950000 	C:\Program Files\Java\jdk-17\bin\verify.dll

dbghelp: loaded successfully - version: 4.0.5 - missing functions: none
symbol engine: initialized successfully - sym options: 0x614 - pdb path: .;C:\Program Files\Java\jdk-17\bin;C:\WINDOWS\SYSTEM32;C:\WINDOWS\WinSxS\amd64_microsoft.windows.common-controls_6595b64144ccf1df_6.0.19041.4355_none_60b8b9eb71f62e16;C:\Program Files\Java\jdk-17\bin\server;C:\Program Files\JetBrains\IntelliJ IDEA 2024.3.1.1\bin

VM Arguments:
jvm_args: -XX:TieredStopAtLevel=1 -Dspring.output.ansi.enabled=always -Dcom.sun.management.jmxremote -Dspring.jmx.enabled=true -Dspring.liveBeansView.mbeanDomain -Dspring.application.admin.enabled=true -Dmanagement.endpoints.jmx.exposure.include=* -javaagent:C:\Program Files\JetBrains\IntelliJ IDEA 2024.3.1.1\lib\idea_rt.jar=57473:C:\Program Files\JetBrains\IntelliJ IDEA 2024.3.1.1\bin -Dfile.encoding=UTF-8 
java_command: com.example.datn_be.DatnBeApplication
java_class_path (initial): D:\DATN_Graceful\backend\DATN_BE\target\classes;C:\Users\A\.m2\repository\org\springframework\boot\spring-boot-starter-data-jpa\3.4.1\spring-boot-starter-data-jpa-3.4.1.jar;C:\Users\A\.m2\repository\org\springframework\boot\spring-boot-starter\3.4.1\spring-boot-starter-3.4.1.jar;C:\Users\A\.m2\repository\org\springframework\boot\spring-boot\3.4.1\spring-boot-3.4.1.jar;C:\Users\A\.m2\repository\org\springframework\boot\spring-boot-autoconfigure\3.4.1\spring-boot-autoconfigure-3.4.1.jar;C:\Users\A\.m2\repository\org\springframework\boot\spring-boot-starter-logging\3.4.1\spring-boot-starter-logging-3.4.1.jar;C:\Users\A\.m2\repository\ch\qos\logback\logback-classic\1.5.12\logback-classic-1.5.12.jar;C:\Users\A\.m2\repository\ch\qos\logback\logback-core\1.5.12\logback-core-1.5.12.jar;C:\Users\A\.m2\repository\org\apache\logging\log4j\log4j-to-slf4j\2.24.3\log4j-to-slf4j-2.24.3.jar;C:\Users\A\.m2\repository\org\slf4j\jul-to-slf4j\2.0.16\jul-to-slf4j-2.0.16.jar;C:\Users\A\.m2\repository\jakarta\annotation\jakarta.annotation-api\2.1.1\jakarta.annotation-api-2.1.1.jar;C:\Users\A\.m2\repository\org\yaml\snakeyaml\2.3\snakeyaml-2.3.jar;C:\Users\A\.m2\repository\org\springframework\boot\spring-boot-starter-jdbc\3.4.1\spring-boot-starter-jdbc-3.4.1.jar;C:\Users\A\.m2\repository\com\zaxxer\HikariCP\5.1.0\HikariCP-5.1.0.jar;C:\Users\A\.m2\repository\org\springframework\spring-jdbc\6.2.1\spring-jdbc-6.2.1.jar;C:\Users\A\.m2\repository\org\hibernate\orm\hibernate-core\6.6.4.Final\hibernate-core-6.6.4.Final.jar;C:\Users\A\.m2\repository\jakarta\persistence\jakarta.persistence-api\3.1.0\jakarta.persistence-api-3.1.0.jar;C:\Users\A\.m2\repository\jakarta\transaction\jakarta.transaction-api\2.0.1\jakarta.transaction-api-2.0.1.jar;C:\Users\A\.m2\repository\org\jboss\logging\jboss-logging\3.6.1.Final\jboss-logging-3.6.1.Final.jar;C:\Users\A\.m2\repository\org\hibernate\common\hibernate-commons-annotations\7.0.3.Final\hibernate-commons-annotations-7.0.3.Final.ja
Launcher Type: SUN_STANDARD

[Global flags]
     intx CICompilerCount                          = 3                                         {product} {ergonomic}
     uint ConcGCThreads                            = 1                                         {product} {ergonomic}
     uint G1ConcRefinementThreads                  = 4                                         {product} {ergonomic}
   size_t G1HeapRegionSize                         = 1048576                                   {product} {ergonomic}
    uintx GCDrainStackTargetSize                   = 64                                        {product} {ergonomic}
   size_t InitialHeapSize                          = 134217728                                 {product} {ergonomic}
     bool ManagementServer                         = true                                      {product} {command line}
   size_t MarkStackSize                            = 4194304                                   {product} {ergonomic}
   size_t MaxHeapSize                              = 2122317824                                {product} {ergonomic}
   size_t MaxNewSize                               = 1272971264                                {product} {ergonomic}
   size_t MinHeapDeltaBytes                        = 1048576                                   {product} {ergonomic}
   size_t MinHeapSize                              = 8388608                                   {product} {ergonomic}
    uintx NonProfiledCodeHeapSize                  = 0                                      {pd product} {ergonomic}
     bool ProfileInterpreter                       = false                                  {pd product} {command line}
    uintx ProfiledCodeHeapSize                     = 0                                      {pd product} {ergonomic}
   size_t SoftMaxHeapSize                          = 2122317824                             {manageable} {ergonomic}
     intx TieredStopAtLevel                        = 1                                         {product} {command line}
     bool UseCompressedClassPointers               = true                           {product lp64_product} {ergonomic}
     bool UseCompressedOops                        = true                           {product lp64_product} {ergonomic}
     bool UseG1GC                                  = true                                      {product} {ergonomic}
     bool UseLargePagesIndividualAllocation        = false                                  {pd product} {ergonomic}

Logging:
Log output configuration:
 #0: stdout all=warning uptime,level,tags
 #1: stderr all=off uptime,level,tags

Environment Variables:
PATH=C:\Program Files\Common Files\Oracle\Java\javapath;C:\WINDOWS\system32;C:\WINDOWS;C:\WINDOWS\System32\Wbem;C:\WINDOWS\System32\WindowsPowerShell\v1.0\;C:\WINDOWS\System32\OpenSSH\;C:\Program Files\Git\cmd;C:\Program Files\Azure Data Studio\bin;C:\Program Files\nodejs\;C:\Program Files (x86)\Microsoft SQL Server\160\Tools\Binn\;C:\Program Files\Microsoft SQL Server\160\Tools\Binn\;C:\Program Files\Microsoft SQL Server\Client SDK\ODBC\170\Tools\Binn\;C:\Program Files\Microsoft SQL Server\160\DTS\Binn\;C:\Program Files (x86)\Microsoft SQL Server\160\DTS\Binn\;C:\Users\A\AppData\Local\Microsoft\WindowsApps;C:\Users\A\AppData\Local\Programs\Microsoft VS Code\bin;C:\Program Files\JetBrains\IntelliJ IDEA Community Edition 2023.2.1\bin;;C:\Program Files\Azure Data Studio\bin;C:\Program Files\Azure Data Studio\bin;C:\Users\A\AppData\Roaming\npm
USERNAME=A
OS=Windows_NT
PROCESSOR_IDENTIFIER=Intel64 Family 6 Model 78 Stepping 3, GenuineIntel



---------------  S Y S T E M  ---------------

OS:
 Windows 10 , 64 bit Build 19041 (10.0.19041.5438)
OS uptime: 1 days 19:02 hours

CPU: total 4 (initial active 4) (2 cores per cpu, 2 threads per core) family 6 model 78 stepping 3 microcode 0xcc, cx8, cmov, fxsr, ht, mmx, 3dnowpref, sse, sse2, sse3, ssse3, sse4.1, sse4.2, popcnt, lzcnt, tsc, tscinvbit, avx, avx2, aes, erms, clmul, bmi1, bmi2, adx, fma, vzeroupper, clflush, clflushopt

Memory: 4k page, system-wide physical 8089M (773M free)
TotalPageFile size 15589M (AvailPageFile size 547M)
current process WorkingSet (physical memory assigned to process): 525M, peak: 525M
current process commit charge ("private bytes"): 561M, peak: 1118M

vm_info: Java HotSpot(TM) 64-Bit Server VM (17.0.10+11-LTS-240) for windows-amd64 JRE (17.0.10+11-LTS-240), built on Dec 19 2023 21:47:25 by "mach5one" with MS VC++ 17.1 (VS2022)

END.
